[33m>[39m Building...
[1m[33mOne or more browsers which are configured in the project's Browserslist configuration fall outside Angular's browser support for this version.
Unsupported browsers:
chrome 106, chrome 105, chrome 104, chrome 103, chrome 102, chrome 101, chrome 100, chrome 99, chrome 98, chrome 97, chrome 96, chrome 95, chrome 94, chrome 93, chrome 92, chrome 91, chrome 90, chrome 89, chrome 88, chrome 87, chrome 86, chrome 85, chrome 84, chrome 83, chrome 81, chrome 80, chrome 79, chrome 78, chrome 77, chrome 76, chrome 75, chrome 74[39m[22m
[32m√[39m Building...
[1mInitial chunk files[22m          [2m | [22m[1mNames[22m            [2m | [22m [1mRaw size[22m
[32mchunk-NQZZWYGE.js[39m            [2m | [22m[2m-[22m                [2m | [22m[36m285.49 kB[39m[2m | [22m
[32mchunk-WIOUOY7D.js[39m            [2m | [22m[2m-[22m                [2m | [22m[36m227.05 kB[39m[2m | [22m
[32mstyles.css[39m                   [2m | [22m[2mstyles[22m           [2m | [22m[36m153.57 kB[39m[2m | [22m
[32mchunk-WEW2F7QJ.js[39m            [2m | [22m[2m-[22m                [2m | [22m [36m77.07 kB[39m[2m | [22m
[32mchunk-U27MZ3IX.js[39m            [2m | [22m[2m-[22m                [2m | [22m [36m70.49 kB[39m[2m | [22m
[32mchunk-Z2RET6XM.js[39m            [2m | [22m[2m-[22m                [2m | [22m [36m48.28 kB[39m[2m | [22m
[32mchunk-Z3TIAQD7.js[39m            [2m | [22m[2m-[22m                [2m | [22m [36m32.73 kB[39m[2m | [22m
[32mchunk-GY74JHJV.js[39m            [2m | [22m[2m-[22m                [2m | [22m [36m31.42 kB[39m[2m | [22m
[32mmain.js[39m                      [2m | [22m[2mmain[22m             [2m | [22m [36m18.45 kB[39m[2m | [22m
[32mchunk-VQ2TB7ZI.js[39m            [2m | [22m[2m-[22m                [2m | [22m  [36m8.30 kB[39m[2m | [22m
[32mchunk-BAIH37FG.js[39m            [2m | [22m[2m-[22m                [2m | [22m  [36m7.92 kB[39m[2m | [22m
[32mchunk-EI75HUDX.js[39m            [2m | [22m[2m-[22m                [2m | [22m  [36m2.69 kB[39m[2m | [22m
[32mchunk-CRWGUQOA.js[39m            [2m | [22m[2m-[22m                [2m | [22m  [36m1.99 kB[39m[2m | [22m
[32mpolyfills.js[39m                 [2m | [22m[2mpolyfills[22m        [2m | [22m[36m143 bytes[39m[2m | [22m

[1m [22m                            [2m | [22m[1mInitial total[22m    [2m | [22m[1m965.59 kB[22m

[1mLazy chunk files[22m             [2m | [22m[1mNames[22m            [2m | [22m [1mRaw size[22m
[32mcreate.page-YQHGXN2Z.js[39m      [2m | [22m[2mcreate-page[22m      [2m | [22m[36m135.22 kB[39m[2m | [22m
[32mcovers.page-WED6V6JX.js[39m      [2m | [22m[2mcovers-page[22m      [2m | [22m [36m89.45 kB[39m[2m | [22m
[32mchunk-2MP7KVXT.js[39m            [2m | [22m[2m-[22m                [2m | [22m [36m41.26 kB[39m[2m | [22m
[32msettings.page-WJN4GRZ5.js[39m    [2m | [22m[2msettings-page[22m    [2m | [22m [36m19.82 kB[39m[2m | [22m
[32mchunk-KU2HAXPJ.js[39m            [2m | [22m[2m-[22m                [2m | [22m [36m15.35 kB[39m[2m | [22m
[32mrequisites.page-RCZEVFFZ.js[39m  [2m | [22m[2mrequisites-page[22m  [2m | [22m [36m12.75 kB[39m[2m | [22m
[32minstructions.page-VOLXFI6G.js[39m[2m | [22m[2minstructions-page[22m[2m | [22m [36m10.30 kB[39m[2m | [22m
[32mtabs.routes-4EKQKATG.js[39m      [2m | [22m[2mtabs-routes[22m      [2m | [22m  [36m8.29 kB[39m[2m | [22m
[32mdefault.page-FXTBXWUC.js[39m     [2m | [22m[2mdefault-page[22m     [2m | [22m  [36m7.95 kB[39m[2m | [22m
[32mtext.page-TVS5AZ45.js[39m        [2m | [22m[2mtext-page[22m        [2m | [22m  [36m7.19 kB[39m[2m | [22m
[32mpublic-api-35DAAMTK.js[39m       [2m | [22m[2mpublic-api[22m       [2m | [22m  [36m1.08 kB[39m[2m | [22m
[32mpublic-api-ZFFN7SZC.js[39m       [2m | [22m[2mpublic-api[22m       [2m | [22m[36m875 bytes[39m[2m | [22m
[32meditor-shell.page-SX3QEVUB.js[39m[2m | [22m[2meditor-shell-page[22m[2m | [22m[36m284 bytes[39m[2m | [22m
[32madjustments.page-MKC5QZ5B.js[39m [2m | [22m[2madjustments-page[22m [2m | [22m[36m281 bytes[39m[2m | [22m
[32mtools.page-RKLJS224.js[39m       [2m | [22m[2mtools-page[22m       [2m | [22m[36m251 bytes[39m[2m | [22m
[2m...and 1 more lazy chunks files. Use "--verbose" to show all the files.[22m

Application bundle generation complete. [4.437 seconds] - 2026-03-27T03:34:15.425Z

Watch mode enabled. Watching for file changes...
NOTE: Raw file sizes do not reflect development server per-request transformations.
[1m[33mOne or more browsers which are configured in the project's Browserslist configuration fall outside Angular's browser support for this version.
Unsupported browsers:
chrome 106, chrome 105, chrome 104, chrome 103, chrome 102, chrome 101, chrome 100, chrome 99, chrome 98, chrome 97, chrome 96, chrome 95, chrome 94, chrome 93, chrome 92, chrome 91, chrome 90, chrome 89, chrome 88, chrome 87, chrome 86, chrome 85, chrome 84, chrome 83, chrome 81, chrome 80, chrome 79, chrome 78, chrome 77, chrome 76, chrome 75, chrome 74[39m[22m
  [32m➜[39m  [1mLocal[22m:   [36mhttp://127.0.0.1:[1m4301[22m/[39m
[2m[32m  ➜[39m[22m[2m  press [22m[1mh + enter[22m[2m to show help[22m
[33m>[39m Changes detected. Rebuilding...
[1m[33mOne or more browsers which are configured in the project's Browserslist configuration fall outside Angular's browser support for this version.
Unsupported browsers:
chrome 106, chrome 105, chrome 104, chrome 103, chrome 102, chrome 101, chrome 100, chrome 99, chrome 98, chrome 97, chrome 96, chrome 95, chrome 94, chrome 93, chrome 92, chrome 91, chrome 90, chrome 89, chrome 88, chrome 87, chrome 86, chrome 85, chrome 84, chrome 83, chrome 81, chrome 80, chrome 79, chrome 78, chrome 77, chrome 76, chrome 75, chrome 74[39m[22m
[32m√[39m Changes detected. Rebuilding...
[1mInitial chunk files[22m[2m | [22m[1mNames[22m [2m | [22m [1mRaw size[22m
[32mstyles.css[39m         [2m | [22m[2mstyles[22m[2m | [22m[36m153.71 kB[39m[2m | [22m

Application bundle generation complete. [0.360 seconds] - 2026-03-27T03:35:39.747Z

Stylesheet update sent to client(s).
[33m>[39m Changes detected. Rebuilding...
[1m[33mOne or more browsers which are configured in the project's Browserslist configuration fall outside Angular's browser support for this version.
Unsupported browsers:
chrome 106, chrome 105, chrome 104, chrome 103, chrome 102, chrome 101, chrome 100, chrome 99, chrome 98, chrome 97, chrome 96, chrome 95, chrome 94, chrome 93, chrome 92, chrome 91, chrome 90, chrome 89, chrome 88, chrome 87, chrome 86, chrome 85, chrome 84, chrome 83, chrome 81, chrome 80, chrome 79, chrome 78, chrome 77, chrome 76, chrome 75, chrome 74[39m[22m
[32m√[39m Changes detected. Rebuilding...
[1mInitial chunk files[22m[2m | [22m[1mNames[22m [2m | [22m [1mRaw size[22m
[32mstyles.css[39m         [2m | [22m[2mstyles[22m[2m | [22m[36m153.79 kB[39m[2m | [22m

Application bundle generation complete. [0.461 seconds] - 2026-03-27T03:40:47.422Z

Stylesheet update sent to client(s).
[33m>[39m Changes detected. Rebuilding...
[1m[33mOne or more browsers which are configured in the project's Browserslist configuration fall outside Angular's browser support for this version.
Unsupported browsers:
chrome 106, chrome 105, chrome 104, chrome 103, chrome 102, chrome 101, chrome 100, chrome 99, chrome 98, chrome 97, chrome 96, chrome 95, chrome 94, chrome 93, chrome 92, chrome 91, chrome 90, chrome 89, chrome 88, chrome 87, chrome 86, chrome 85, chrome 84, chrome 83, chrome 81, chrome 80, chrome 79, chrome 78, chrome 77, chrome 76, chrome 75, chrome 74[39m[22m
[32m√[39m Changes detected. Rebuilding...
Application bundle generation failed. [2.492 seconds] - 2026-03-27T04:04:31.888Z

[1m[31m[31mX [41;31m[[41;97mERROR[41;31m][0m [1mTS2339: Property 'shouldShowBillingUnavailableHint' does not exist on type 'CreatePage'.[0m [1m[35m[plugin angular-compiler][0m

    src/app/pages/create/create.page.html:348:13:
[37m      348 │         @if ([32mshouldShowBillingUnavailableHint[37m()) {
          ╵              [32m~~~~~~~~~~~~~~~~~~~~~~~~~~~~~~~~[0m

  Error occurs in the template of component CreatePage.

    src/app/pages/create/create.page.ts:117:15:
[37m      117 │   templateUrl: [32m'./create.page.html'[37m,
          ╵                [32m~~~~~~~~~~~~~~~~~~~~[0m

[39m[22m
[33m>[39m Changes detected. Rebuilding...
[1m[33mOne or more browsers which are configured in the project's Browserslist configuration fall outside Angular's browser support for this version.
Unsupported browsers:
chrome 106, chrome 105, chrome 104, chrome 103, chrome 102, chrome 101, chrome 100, chrome 99, chrome 98, chrome 97, chrome 96, chrome 95, chrome 94, chrome 93, chrome 92, chrome 91, chrome 90, chrome 89, chrome 88, chrome 87, chrome 86, chrome 85, chrome 84, chrome 83, chrome 81, chrome 80, chrome 79, chrome 78, chrome 77, chrome 76, chrome 75, chrome 74[39m[22m
[32m√[39m Changes detected. Rebuilding...
[1mInitial chunk files[22m          [2m | [22m[1mNames[22m            [2m | [22m [1mRaw size[22m
[32mchunk-NQZZWYGE.js[39m            [2m | [22m[2m-[22m                [2m | [22m[36m285.49 kB[39m[2m | [22m
[32mchunk-WIOUOY7D.js[39m            [2m | [22m[2m-[22m                [2m | [22m[36m227.05 kB[39m[2m | [22m
[32mstyles.css[39m                   [2m | [22m[2mstyles[22m           [2m | [22m[36m153.79 kB[39m[2m | [22m
[32mchunk-WEW2F7QJ.js[39m            [2m | [22m[2m-[22m                [2m | [22m [36m77.07 kB[39m[2m | [22m
[32mchunk-U27MZ3IX.js[39m            [2m | [22m[2m-[22m                [2m | [22m [36m70.49 kB[39m[2m | [22m
[32mchunk-Z2RET6XM.js[39m            [2m | [22m[2m-[22m                [2m | [22m [36m48.28 kB[39m[2m | [22m
[32mchunk-Z3TIAQD7.js[39m            [2m | [22m[2m-[22m                [2m | [22m [36m32.73 kB[39m[2m | [22m
[32mchunk-GY74JHJV.js[39m            [2m | [22m[2m-[22m                [2m | [22m [36m31.42 kB[39m[2m | [22m
[32mmain.js[39m                      [2m | [22m[2mmain[22m             [2m | [22m [36m18.45 kB[39m[2m | [22m
[32mchunk-VQ2TB7ZI.js[39m            [2m | [22m[2m-[22m                [2m | [22m  [36m8.30 kB[39m[2m | [22m
[32mchunk-BAIH37FG.js[39m            [2m | [22m[2m-[22m                [2m | [22m  [36m7.92 kB[39m[2m | [22m
[32mchunk-EI75HUDX.js[39m            [2m | [22m[2m-[22m                [2m | [22m  [36m2.69 kB[39m[2m | [22m
[32mchunk-CRWGUQOA.js[39m            [2m | [22m[2m-[22m                [2m | [22m  [36m1.99 kB[39m[2m | [22m
[32mpolyfills.js[39m                 [2m | [22m[2mpolyfills[22m        [2m | [22m[36m143 bytes[39m[2m | [22m

[1m [22m                            [2m | [22m[1mInitial total[22m    [2m | [22m[1m965.82 kB[22m

[1mLazy chunk files[22m             [2m | [22m[1mNames[22m            [2m | [22m [1mRaw size[22m
[32mcreate.page-JXJDNDYL.js[39m      [2m | [22m[2mcreate-page[22m      [2m | [22m[36m134.75 kB[39m[2m | [22m
[32mcovers.page-WED6V6JX.js[39m      [2m | [22m[2mcovers-page[22m      [2m | [22m [36m89.45 kB[39m[2m | [22m
[32mchunk-2MP7KVXT.js[39m            [2m | [22m[2m-[22m                [2m | [22m [36m41.26 kB[39m[2m | [22m
[32msettings.page-WJN4GRZ5.js[39m    [2m | [22m[2msettings-page[22m    [2m | [22m [36m19.82 kB[39m[2m | [22m
[32mchunk-KU2HAXPJ.js[39m            [2m | [22m[2m-[22m                [2m | [22m [36m15.35 kB[39m[2m | [22m
[32mrequisites.page-RCZEVFFZ.js[39m  [2m | [22m[2mrequisites-page[22m  [2m | [22m [36m12.75 kB[39m[2m | [22m
[32minstructions.page-VOLXFI6G.js[39m[2m | [22m[2minstructions-page[22m[2m | [22m [36m10.30 kB[39m[2m | [22m
[32mtabs.routes-5HKXVHIC.js[39m      [2m | [22m[2mtabs-routes[22m      [2m | [22m  [36m8.29 kB[39m[2m | [22m
[32mdefault.page-FXTBXWUC.js[39m     [2m | [22m[2mdefault-page[22m     [2m | [22m  [36m7.95 kB[39m[2m | [22m
[32mtext.page-TVS5AZ45.js[39m        [2m | [22m[2mtext-page[22m        [2m | [22m  [36m7.19 kB[39m[2m | [22m
[32mpublic-api-35DAAMTK.js[39m       [2m | [22m[2mpublic-api[22m       [2m | [22m  [36m1.08 kB[39m[2m | [22m
[32mpublic-api-ZFFN7SZC.js[39m       [2m | [22m[2mpublic-api[22m       [2m | [22m[36m875 bytes[39m[2m | [22m
[32meditor-shell.page-SX3QEVUB.js[39m[2m | [22m[2meditor-shell-page[22m[2m | [22m[36m284 bytes[39m[2m | [22m
[32madjustments.page-MKC5QZ5B.js[39m [2m | [22m[2madjustments-page[22m [2m | [22m[36m281 bytes[39m[2m | [22m
[32mtools.page-RKLJS224.js[39m       [2m | [22m[2mtools-page[22m       [2m | [22m[36m251 bytes[39m[2m | [22m
[2m...and 1 more lazy chunks files. Use "--verbose" to show all the files.[22m

Application bundle generation complete. [0.699 seconds] - 2026-03-27T04:04:35.769Z

Page reload sent to client(s).
[33m>[39m Changes detected. Rebuilding...
[1m[33mOne or more browsers which are configured in the project's Browserslist configuration fall outside Angular's browser support for this version.
Unsupported browsers:
chrome 106, chrome 105, chrome 104, chrome 103, chrome 102, chrome 101, chrome 100, chrome 99, chrome 98, chrome 97, chrome 96, chrome 95, chrome 94, chrome 93, chrome 92, chrome 91, chrome 90, chrome 89, chrome 88, chrome 87, chrome 86, chrome 85, chrome 84, chrome 83, chrome 81, chrome 80, chrome 79, chrome 78, chrome 77, chrome 76, chrome 75, chrome 74[39m[22m
[32m√[39m Changes detected. Rebuilding...
[1mInitial chunk files[22m    [2m | [22m[1mNames[22m      [2m | [22m [1mRaw size[22m
[32mmain.js[39m                [2m | [22m[2mmain[22m       [2m | [22m [36m18.45 kB[39m[2m | [22m

[1mLazy chunk files[22m       [2m | [22m[1mNames[22m      [2m | [22m [1mRaw size[22m
[32mcreate.page-LWR2ZSKB.js[39m[2m | [22m[2mcreate-page[22m[2m | [22m[36m135.03 kB[39m[2m | [22m
[32mtabs.routes-NWPCI46P.js[39m[2m | [22m[2mtabs-routes[22m[2m | [22m  [36m8.29 kB[39m[2m | [22m

Application bundle generation complete. [0.841 seconds] - 2026-03-27T04:18:05.240Z

Component update sent to client(s).
[33m>[39m Changes detected. Rebuilding...
[1m[33mOne or more browsers which are configured in the project's Browserslist configuration fall outside Angular's browser support for this version.
Unsupported browsers:
chrome 106, chrome 105, chrome 104, chrome 103, chrome 102, chrome 101, chrome 100, chrome 99, chrome 98, chrome 97, chrome 96, chrome 95, chrome 94, chrome 93, chrome 92, chrome 91, chrome 90, chrome 89, chrome 88, chrome 87, chrome 86, chrome 85, chrome 84, chrome 83, chrome 81, chrome 80, chrome 79, chrome 78, chrome 77, chrome 76, chrome 75, chrome 74[39m[22m
[32m√[39m Changes detected. Rebuilding...
[1mInitial chunk files[22m[2m | [22m[1mNames[22m [2m | [22m [1mRaw size[22m
[32mstyles.css[39m         [2m | [22m[2mstyles[22m[2m | [22m[36m154.01 kB[39m[2m | [22m

Application bundle generation complete. [0.530 seconds] - 2026-03-27T04:22:17.374Z

Stylesheet update sent to client(s).
[33m>[39m Changes detected. Rebuilding...
[1m[33mOne or more browsers which are configured in the project's Browserslist configuration fall outside Angular's browser support for this version.
Unsupported browsers:
chrome 106, chrome 105, chrome 104, chrome 103, chrome 102, chrome 101, chrome 100, chrome 99, chrome 98, chrome 97, chrome 96, chrome 95, chrome 94, chrome 93, chrome 92, chrome 91, chrome 90, chrome 89, chrome 88, chrome 87, chrome 86, chrome 85, chrome 84, chrome 83, chrome 81, chrome 80, chrome 79, chrome 78, chrome 77, chrome 76, chrome 75, chrome 74[39m[22m
[32m√[39m Changes detected. Rebuilding...
[1mInitial chunk files[22m    [2m | [22m[1mNames[22m      [2m | [22m [1mRaw size[22m
[32mmain.js[39m                [2m | [22m[2mmain[22m       [2m | [22m [36m18.45 kB[39m[2m | [22m

[1mLazy chunk files[22m       [2m | [22m[1mNames[22m      [2m | [22m [1mRaw size[22m
[32mcreate.page-NRPAX6PS.js[39m[2m | [22m[2mcreate-page[22m[2m | [22m[36m134.99 kB[39m[2m | [22m
[32mtabs.routes-XPRDZBIP.js[39m[2m | [22m[2mtabs-routes[22m[2m | [22m  [36m8.29 kB[39m[2m | [22m

Application bundle generation complete. [0.758 seconds] - 2026-03-27T04:22:23.856Z

Component update sent to client(s).
[33m>[39m Changes detected. Rebuilding...
[1m[33mOne or more browsers which are configured in the project's Browserslist configuration fall outside Angular's browser support for this version.
Unsupported browsers:
chrome 106, chrome 105, chrome 104, chrome 103, chrome 102, chrome 101, chrome 100, chrome 99, chrome 98, chrome 97, chrome 96, chrome 95, chrome 94, chrome 93, chrome 92, chrome 91, chrome 90, chrome 89, chrome 88, chrome 87, chrome 86, chrome 85, chrome 84, chrome 83, chrome 81, chrome 80, chrome 79, chrome 78, chrome 77, chrome 76, chrome 75, chrome 74[39m[22m
[32m√[39m Changes detected. Rebuilding...
[1mInitial chunk files[22m[2m | [22m[1mNames[22m [2m | [22m [1mRaw size[22m
[32mstyles.css[39m         [2m | [22m[2mstyles[22m[2m | [22m[36m154.39 kB[39m[2m | [22m

Application bundle generation complete. [0.518 seconds] - 2026-03-27T04:26:32.118Z

Stylesheet update sent to client(s).
[33m>[39m Changes detected. Rebuilding...
[1m[33mOne or more browsers which are configured in the project's Browserslist configuration fall outside Angular's browser support for this version.
Unsupported browsers:
chrome 106, chrome 105, chrome 104, chrome 103, chrome 102, chrome 101, chrome 100, chrome 99, chrome 98, chrome 97, chrome 96, chrome 95, chrome 94, chrome 93, chrome 92, chrome 91, chrome 90, chrome 89, chrome 88, chrome 87, chrome 86, chrome 85, chrome 84, chrome 83, chrome 81, chrome 80, chrome 79, chrome 78, chrome 77, chrome 76, chrome 75, chrome 74[39m[22m
[32m√[39m Changes detected. Rebuilding...
[1mInitial chunk files[22m    [2m | [22m[1mNames[22m      [2m | [22m [1mRaw size[22m
[32mmain.js[39m                [2m | [22m[2mmain[22m       [2m | [22m [36m18.45 kB[39m[2m | [22m

[1mLazy chunk files[22m       [2m | [22m[1mNames[22m      [2m | [22m [1mRaw size[22m
[32mcreate.page-7OYEMDVI.js[39m[2m | [22m[2mcreate-page[22m[2m | [22m[36m135.09 kB[39m[2m | [22m
[32mtabs.routes-ZUY2ZWFU.js[39m[2m | [22m[2mtabs-routes[22m[2m | [22m  [36m8.29 kB[39m[2m | [22m

Application bundle generation complete. [0.835 seconds] - 2026-03-27T04:26:39.951Z

Component update sent to client(s).
[33m>[39m Changes detected. Rebuilding...
[1m[33mOne or more browsers which are configured in the project's Browserslist configuration fall outside Angular's browser support for this version.
Unsupported browsers:
chrome 106, chrome 105, chrome 104, chrome 103, chrome 102, chrome 101, chrome 100, chrome 99, chrome 98, chrome 97, chrome 96, chrome 95, chrome 94, chrome 93, chrome 92, chrome 91, chrome 90, chrome 89, chrome 88, chrome 87, chrome 86, chrome 85, chrome 84, chrome 83, chrome 81, chrome 80, chrome 79, chrome 78, chrome 77, chrome 76, chrome 75, chrome 74[39m[22m
[32m√[39m Changes detected. Rebuilding...
Application bundle generation failed. [0.679 seconds] - 2026-03-27T05:17:55.994Z

[1m[31m[31mX [41;31m[[41;97mERROR[41;31m][0m [1mTS2345: Argument of type 'string | undefined' is not assignable to parameter of type 'string'.
  Type 'undefined' is not assignable to type 'string'.[0m [1m[35m[plugin angular-compiler][0m

    ../../packages/ads-kit/src/lib/billing.service.ts:254:55:
[37m      254 │ ...Purchase = purchasedProductIds.includes([32mthis.removeAdsProductId[37m);
          ╵                                            [32m~~~~~~~~~~~~~~~~~~~~~~~[0m

[39m[22m
[33m>[39m Changes detected. Rebuilding...
[1m[33mOne or more browsers which are configured in the project's Browserslist configuration fall outside Angular's browser support for this version.
Unsupported browsers:
chrome 106, chrome 105, chrome 104, chrome 103, chrome 102, chrome 101, chrome 100, chrome 99, chrome 98, chrome 97, chrome 96, chrome 95, chrome 94, chrome 93, chrome 92, chrome 91, chrome 90, chrome 89, chrome 88, chrome 87, chrome 86, chrome 85, chrome 84, chrome 83, chrome 81, chrome 80, chrome 79, chrome 78, chrome 77, chrome 76, chrome 75, chrome 74[39m[22m
[32m√[39m Changes detected. Rebuilding...
Application bundle generation failed. [0.224 seconds] - 2026-03-27T05:17:59.944Z

[1m[31m[31mX [41;31m[[41;97mERROR[41;31m][0m [1mTS2345: Argument of type 'string | undefined' is not assignable to parameter of type 'string'.
  Type 'undefined' is not assignable to type 'string'.[0m [1m[35m[plugin angular-compiler][0m

    ../../packages/ads-kit/src/lib/billing.service.ts:254:55:
[37m      254 │ ...Purchase = purchasedProductIds.includes([32mthis.removeAdsProductId[37m);
          ╵                                            [32m~~~~~~~~~~~~~~~~~~~~~~~[0m

[39m[22m
[33m>[39m Changes detected. Rebuilding...
[1m[33mOne or more browsers which are configured in the project's Browserslist configuration fall outside Angular's browser support for this version.
Unsupported browsers:
chrome 106, chrome 105, chrome 104, chrome 103, chrome 102, chrome 101, chrome 100, chrome 99, chrome 98, chrome 97, chrome 96, chrome 95, chrome 94, chrome 93, chrome 92, chrome 91, chrome 90, chrome 89, chrome 88, chrome 87, chrome 86, chrome 85, chrome 84, chrome 83, chrome 81, chrome 80, chrome 79, chrome 78, chrome 77, chrome 76, chrome 75, chrome 74[39m[22m
[32m√[39m Changes detected. Rebuilding...
Application bundle generation failed. [0.352 seconds] - 2026-03-27T05:18:12.420Z

[1m[31m[31mX [41;31m[[41;97mERROR[41;31m][0m [1mTS2345: Argument of type 'string | undefined' is not assignable to parameter of type 'string'.
  Type 'undefined' is not assignable to type 'string'.[0m [1m[35m[plugin angular-compiler][0m

    ../../packages/ads-kit/src/lib/billing.service.ts:254:55:
[37m      254 │ ...Purchase = purchasedProductIds.includes([32mthis.removeAdsProductId[37m);
          ╵                                            [32m~~~~~~~~~~~~~~~~~~~~~~~[0m

[39m[22m
[33m>[39m Changes detected. Rebuilding...
[1m[33mOne or more browsers which are configured in the project's Browserslist configuration fall outside Angular's browser support for this version.
Unsupported browsers:
chrome 106, chrome 105, chrome 104, chrome 103, chrome 102, chrome 101, chrome 100, chrome 99, chrome 98, chrome 97, chrome 96, chrome 95, chrome 94, chrome 93, chrome 92, chrome 91, chrome 90, chrome 89, chrome 88, chrome 87, chrome 86, chrome 85, chrome 84, chrome 83, chrome 81, chrome 80, chrome 79, chrome 78, chrome 77, chrome 76, chrome 75, chrome 74[39m[22m
[32m√[39m Changes detected. Rebuilding...
Application bundle generation failed. [0.639 seconds] - 2026-03-27T05:18:22.576Z

[1m[31m[31mX [41;31m[[41;97mERROR[41;31m][0m [1mTS2345: Argument of type 'string | undefined' is not assignable to parameter of type 'string'.
  Type 'undefined' is not assignable to type 'string'.[0m [1m[35m[plugin angular-compiler][0m

    ../../packages/ads-kit/src/lib/billing.service.ts:254:55:
[37m      254 │ ...Purchase = purchasedProductIds.includes([32mthis.removeAdsProductId[37m);
          ╵                                            [32m~~~~~~~~~~~~~~~~~~~~~~~[0m

[39m[22m
[33m>[39m Changes detected. Rebuilding...
[1m[33mOne or more browsers which are configured in the project's Browserslist configuration fall outside Angular's browser support for this version.
Unsupported browsers:
chrome 106, chrome 105, chrome 104, chrome 103, chrome 102, chrome 101, chrome 100, chrome 99, chrome 98, chrome 97, chrome 96, chrome 95, chrome 94, chrome 93, chrome 92, chrome 91, chrome 90, chrome 89, chrome 88, chrome 87, chrome 86, chrome 85, chrome 84, chrome 83, chrome 81, chrome 80, chrome 79, chrome 78, chrome 77, chrome 76, chrome 75, chrome 74[39m[22m
[32m√[39m Changes detected. Rebuilding...
[1mInitial chunk files[22m          [2m | [22m[1mNames[22m            [2m | [22m [1mRaw size[22m
[32mchunk-RKB4QDAO.js[39m            [2m | [22m[2m-[22m                [2m | [22m[36m266.03 kB[39m[2m | [22m
[32mchunk-C6CBTKES.js[39m            [2m | [22m[2m-[22m                [2m | [22m[36m206.39 kB[39m[2m | [22m
[32mstyles.css[39m                   [2m | [22m[2mstyles[22m           [2m | [22m[36m154.39 kB[39m[2m | [22m
[32mchunk-CPRPTMKR.js[39m            [2m | [22m[2m-[22m                [2m | [22m [36m71.43 kB[39m[2m | [22m
[32mchunk-GJG7USCF.js[39m            [2m | [22m[2m-[22m                [2m | [22m [36m43.77 kB[39m[2m | [22m
[32mchunk-L3MMQEKC.js[39m            [2m | [22m[2m-[22m                [2m | [22m [36m41.28 kB[39m[2m | [22m
[32mchunk-VODZ6B5G.js[39m            [2m | [22m[2m-[22m                [2m | [22m [36m29.55 kB[39m[2m | [22m
[32mchunk-4J3PK34J.js[39m            [2m | [22m[2m-[22m                [2m | [22m [36m19.55 kB[39m[2m | [22m
[32mmain.js[39m                      [2m | [22m[2mmain[22m             [2m | [22m [36m16.31 kB[39m[2m | [22m
[32mchunk-ALU43CDD.js[39m            [2m | [22m[2m-[22m                [2m | [22m [36m12.59 kB[39m[2m | [22m
[32mchunk-VXIENI2A.js[39m            [2m | [22m[2m-[22m                [2m | [22m  [36m7.55 kB[39m[2m | [22m
[32mchunk-YZ7BJYY2.js[39m            [2m | [22m[2m-[22m                [2m | [22m  [36m7.28 kB[39m[2m | [22m
[32mchunk-U4SBEFB2.js[39m            [2m | [22m[2m-[22m                [2m | [22m  [36m1.89 kB[39m[2m | [22m
[32mchunk-PIAPPY66.js[39m            [2m | [22m[2m-[22m                [2m | [22m  [36m1.64 kB[39m[2m | [22m
[32mpolyfills.js[39m                 [2m | [22m[2mpolyfills[22m        [2m | [22m[36m143 bytes[39m[2m | [22m

[1m [22m                            [2m | [22m[1mInitial total[22m    [2m | [22m[1m879.79 kB[22m

[1mLazy chunk files[22m             [2m | [22m[1mNames[22m            [2m | [22m [1mRaw size[22m
[32mcreate.page-CAP4UF2W.js[39m      [2m | [22m[2mcreate-page[22m      [2m | [22m[36m124.92 kB[39m[2m | [22m
[32mcovers.page-7XB3R4Q7.js[39m      [2m | [22m[2mcovers-page[22m      [2m | [22m [36m84.55 kB[39m[2m | [22m
[32mchunk-IEMHR5L3.js[39m            [2m | [22m[2m-[22m                [2m | [22m [36m50.91 kB[39m[2m | [22m
[32msettings.page-2ODJCAZK.js[39m    [2m | [22m[2msettings-page[22m    [2m | [22m [36m17.95 kB[39m[2m | [22m
[32mchunk-FBE63T4P.js[39m            [2m | [22m[2m-[22m                [2m | [22m [36m13.73 kB[39m[2m | [22m
[32mrequisites.page-3MDFKKNU.js[39m  [2m | [22m[2mrequisites-page[22m  [2m | [22m [36m11.79 kB[39m[2m | [22m
[32minstructions.page-B3UEHZXV.js[39m[2m | [22m[2minstructions-page[22m[2m | [22m  [36m9.51 kB[39m[2m | [22m
[32mdefault.page-E6RAVWWH.js[39m     [2m | [22m[2mdefault-page[22m     [2m | [22m  [36m7.39 kB[39m[2m | [22m
[32mtabs.routes-SQN2OK2W.js[39m      [2m | [22m[2mtabs-routes[22m      [2m | [22m  [36m7.36 kB[39m[2m | [22m
[32mtext.page-YGJ7KGRX.js[39m        [2m | [22m[2mtext-page[22m        [2m | [22m  [36m6.57 kB[39m[2m | [22m
[32mpublic-api-3X47CUBU.js[39m       [2m | [22m[2mpublic-api[22m       [2m | [22m  [36m1.04 kB[39m[2m | [22m
[32mpublic-api-3BF7ZQF7.js[39m       [2m | [22m[2mpublic-api[22m       [2m | [22m[36m837 bytes[39m[2m | [22m
[32meditor-shell.page-LNS3T6HS.js[39m[2m | [22m[2meditor-shell-page[22m[2m | [22m[36m232 bytes[39m[2m | [22m
[32madjustments.page-66VXQ3IL.js[39m [2m | [22m[2madjustments-page[22m [2m | [22m[36m231 bytes[39m[2m | [22m
[32mtools.page-DDNVUTRO.js[39m       [2m | [22m[2mtools-page[22m       [2m | [22m[36m213 bytes[39m[2m | [22m
[2m...and 1 more lazy chunks files. Use "--verbose" to show all the files.[22m

Application bundle generation complete. [0.304 seconds] - 2026-03-27T05:18:48.622Z

Page reload sent to client(s).
[33m>[39m Changes detected. Rebuilding...
[1m[33mOne or more browsers which are configured in the project's Browserslist configuration fall outside Angular's browser support for this version.
Unsupported browsers:
chrome 106, chrome 105, chrome 104, chrome 103, chrome 102, chrome 101, chrome 100, chrome 99, chrome 98, chrome 97, chrome 96, chrome 95, chrome 94, chrome 93, chrome 92, chrome 91, chrome 90, chrome 89, chrome 88, chrome 87, chrome 86, chrome 85, chrome 84, chrome 83, chrome 81, chrome 80, chrome 79, chrome 78, chrome 77, chrome 76, chrome 75, chrome 74[39m[22m
[32m√[39m Changes detected. Rebuilding...
[1mInitial chunk files[22m    [2m | [22m[1mNames[22m      [2m | [22m [1mRaw size[22m
[32mchunk-O4RPZXPD.js[39m      [2m | [22m[2m-[22m          [2m | [22m [36m20.94 kB[39m[2m | [22m
[32mmain.js[39m                [2m | [22m[2mmain[22m       [2m | [22m [36m16.31 kB[39m[2m | [22m

[1mLazy chunk files[22m       [2m | [22m[1mNames[22m      [2m | [22m [1mRaw size[22m
[32mcreate.page-GZJCCGD2.js[39m[2m | [22m[2mcreate-page[22m[2m | [22m[36m124.92 kB[39m[2m | [22m
[32mtabs.routes-2Q3PORWW.js[39m[2m | [22m[2mtabs-routes[22m[2m | [22m  [36m7.36 kB[39m[2m | [22m

Application bundle generation complete. [0.478 seconds] - 2026-03-27T05:54:09.814Z

Page reload sent to client(s).
[33m>[39m Changes detected. Rebuilding...
[1m[33mOne or more browsers which are configured in the project's Browserslist configuration fall outside Angular's browser support for this version.
Unsupported browsers:
chrome 106, chrome 105, chrome 104, chrome 103, chrome 102, chrome 101, chrome 100, chrome 99, chrome 98, chrome 97, chrome 96, chrome 95, chrome 94, chrome 93, chrome 92, chrome 91, chrome 90, chrome 89, chrome 88, chrome 87, chrome 86, chrome 85, chrome 84, chrome 83, chrome 81, chrome 80, chrome 79, chrome 78, chrome 77, chrome 76, chrome 75, chrome 74[39m[22m
[32m√[39m Changes detected. Rebuilding...
[1mInitial chunk files[22m    [2m | [22m[1mNames[22m      [2m | [22m [1mRaw size[22m
[32mmain.js[39m                [2m | [22m[2mmain[22m       [2m | [22m [36m16.31 kB[39m[2m | [22m

[1mLazy chunk files[22m       [2m | [22m[1mNames[22m      [2m | [22m [1mRaw size[22m
[32mcreate.page-MO2KZZXX.js[39m[2m | [22m[2mcreate-page[22m[2m | [22m[36m125.01 kB[39m[2m | [22m
[32mtabs.routes-VIYSHUS4.js[39m[2m | [22m[2mtabs-routes[22m[2m | [22m  [36m7.36 kB[39m[2m | [22m

Application bundle generation complete. [0.654 seconds] - 2026-03-27T05:54:13.420Z

Page reload sent to client(s).
[33m>[39m Changes detected. Rebuilding...
[1m[33mOne or more browsers which are configured in the project's Browserslist configuration fall outside Angular's browser support for this version.
Unsupported browsers:
chrome 106, chrome 105, chrome 104, chrome 103, chrome 102, chrome 101, chrome 100, chrome 99, chrome 98, chrome 97, chrome 96, chrome 95, chrome 94, chrome 93, chrome 92, chrome 91, chrome 90, chrome 89, chrome 88, chrome 87, chrome 86, chrome 85, chrome 84, chrome 83, chrome 81, chrome 80, chrome 79, chrome 78, chrome 77, chrome 76, chrome 75, chrome 74[39m[22m
[32m√[39m Changes detected. Rebuilding...
[1mInitial chunk files[22m    [2m | [22m[1mNames[22m      [2m | [22m [1mRaw size[22m
[32mmain.js[39m                [2m | [22m[2mmain[22m       [2m | [22m [36m16.31 kB[39m[2m | [22m

[1mLazy chunk files[22m       [2m | [22m[1mNames[22m      [2m | [22m [1mRaw size[22m
[32mcreate.page-6NIM4QSO.js[39m[2m | [22m[2mcreate-page[22m[2m | [22m[36m125.31 kB[39m[2m | [22m
[32mtabs.routes-AHIAZER6.js[39m[2m | [22m[2mtabs-routes[22m[2m | [22m  [36m7.36 kB[39m[2m | [22m

Application bundle generation complete. [0.589 seconds] - 2026-03-27T06:25:06.391Z

Component update sent to client(s).
[33m>[39m Changes detected. Rebuilding...
[1m[33mOne or more browsers which are configured in the project's Browserslist configuration fall outside Angular's browser support for this version.
Unsupported browsers:
chrome 106, chrome 105, chrome 104, chrome 103, chrome 102, chrome 101, chrome 100, chrome 99, chrome 98, chrome 97, chrome 96, chrome 95, chrome 94, chrome 93, chrome 92, chrome 91, chrome 90, chrome 89, chrome 88, chrome 87, chrome 86, chrome 85, chrome 84, chrome 83, chrome 81, chrome 80, chrome 79, chrome 78, chrome 77, chrome 76, chrome 75, chrome 74[39m[22m
[32m√[39m Changes detected. Rebuilding...
[1mInitial chunk files[22m          [2m | [22m[1mNames[22m            [2m | [22m [1mRaw size[22m
[32mchunk-RKB4QDAO.js[39m            [2m | [22m[2m-[22m                [2m | [22m[36m266.03 kB[39m[2m | [22m
[32mchunk-C6CBTKES.js[39m            [2m | [22m[2m-[22m                [2m | [22m[36m206.39 kB[39m[2m | [22m
[32mstyles.css[39m                   [2m | [22m[2mstyles[22m           [2m | [22m[36m154.39 kB[39m[2m | [22m
[32mchunk-CPRPTMKR.js[39m            [2m | [22m[2m-[22m                [2m | [22m [36m71.43 kB[39m[2m | [22m
[32mchunk-GJG7USCF.js[39m            [2m | [22m[2m-[22m                [2m | [22m [36m43.77 kB[39m[2m | [22m
[32mchunk-L3MMQEKC.js[39m            [2m | [22m[2m-[22m                [2m | [22m [36m41.28 kB[39m[2m | [22m
[32mchunk-VODZ6B5G.js[39m            [2m | [22m[2m-[22m                [2m | [22m [36m29.55 kB[39m[2m | [22m
[32mchunk-O4RPZXPD.js[39m            [2m | [22m[2m-[22m                [2m | [22m [36m20.94 kB[39m[2m | [22m
[32mmain.js[39m                      [2m | [22m[2mmain[22m             [2m | [22m [36m16.31 kB[39m[2m | [22m
[32mchunk-ALU43CDD.js[39m            [2m | [22m[2m-[22m                [2m | [22m [36m12.59 kB[39m[2m | [22m
[32mchunk-VXIENI2A.js[39m            [2m | [22m[2m-[22m                [2m | [22m  [36m7.55 kB[39m[2m | [22m
[32mchunk-YZ7BJYY2.js[39m            [2m | [22m[2m-[22m                [2m | [22m  [36m7.28 kB[39m[2m | [22m
[32mchunk-U4SBEFB2.js[39m            [2m | [22m[2m-[22m                [2m | [22m  [36m1.89 kB[39m[2m | [22m
[32mchunk-PIAPPY66.js[39m            [2m | [22m[2m-[22m                [2m | [22m  [36m1.64 kB[39m[2m | [22m
[32mpolyfills.js[39m                 [2m | [22m[2mpolyfills[22m        [2m | [22m[36m143 bytes[39m[2m | [22m

[1m [22m                            [2m | [22m[1mInitial total[22m    [2m | [22m[1m881.18 kB[22m

[1mLazy chunk files[22m             [2m | [22m[1mNames[22m            [2m | [22m [1mRaw size[22m
[32mcreate.page-6NIM4QSO.js[39m      [2m | [22m[2mcreate-page[22m      [2m | [22m[36m125.31 kB[39m[2m | [22m
[32mcovers.page-7XB3R4Q7.js[39m      [2m | [22m[2mcovers-page[22m      [2m | [22m [36m84.55 kB[39m[2m | [22m
[32mchunk-IEMHR5L3.js[39m            [2m | [22m[2m-[22m                [2m | [22m [36m50.91 kB[39m[2m | [22m
[32msettings.page-2ODJCAZK.js[39m    [2m | [22m[2msettings-page[22m    [2m | [22m [36m17.95 kB[39m[2m | [22m
[32mchunk-FBE63T4P.js[39m            [2m | [22m[2m-[22m                [2m | [22m [36m13.73 kB[39m[2m | [22m
[32mrequisites.page-3MDFKKNU.js[39m  [2m | [22m[2mrequisites-page[22m  [2m | [22m [36m11.79 kB[39m[2m | [22m
[32minstructions.page-B3UEHZXV.js[39m[2m | [22m[2minstructions-page[22m[2m | [22m  [36m9.51 kB[39m[2m | [22m
[32mdefault.page-E6RAVWWH.js[39m     [2m | [22m[2mdefault-page[22m     [2m | [22m  [36m7.39 kB[39m[2m | [22m
[32mtabs.routes-AHIAZER6.js[39m      [2m | [22m[2mtabs-routes[22m      [2m | [22m  [36m7.36 kB[39m[2m | [22m
[32mtext.page-YGJ7KGRX.js[39m        [2m | [22m[2mtext-page[22m        [2m | [22m  [36m6.57 kB[39m[2m | [22m
[32mpublic-api-3X47CUBU.js[39m       [2m | [22m[2mpublic-api[22m       [2m | [22m  [36m1.04 kB[39m[2m | [22m
[32mpublic-api-3BF7ZQF7.js[39m       [2m | [22m[2mpublic-api[22m       [2m | [22m[36m837 bytes[39m[2m | [22m
[32meditor-shell.page-LNS3T6HS.js[39m[2m | [22m[2meditor-shell-page[22m[2m | [22m[36m232 bytes[39m[2m | [22m
[32madjustments.page-66VXQ3IL.js[39m [2m | [22m[2madjustments-page[22m [2m | [22m[36m231 bytes[39m[2m | [22m
[32mtools.page-DDNVUTRO.js[39m       [2m | [22m[2mtools-page[22m       [2m | [22m[36m213 bytes[39m[2m | [22m
[2m...and 1 more lazy chunks files. Use "--verbose" to show all the files.[22m

Application bundle generation complete. [0.023 seconds] - 2026-03-27T06:25:08.243Z

Page reload sent to client(s).
[33m>[39m Changes detected. Rebuilding...
[1m[33mOne or more browsers which are configured in the project's Browserslist configuration fall outside Angular's browser support for this version.
Unsupported browsers:
chrome 106, chrome 105, chrome 104, chrome 103, chrome 102, chrome 101, chrome 100, chrome 99, chrome 98, chrome 97, chrome 96, chrome 95, chrome 94, chrome 93, chrome 92, chrome 91, chrome 90, chrome 89, chrome 88, chrome 87, chrome 86, chrome 85, chrome 84, chrome 83, chrome 81, chrome 80, chrome 79, chrome 78, chrome 77, chrome 76, chrome 75, chrome 74[39m[22m
[32m√[39m Changes detected. Rebuilding...
[1mInitial chunk files[22m          [2m | [22m[1mNames[22m            [2m | [22m [1mRaw size[22m
[32mchunk-RKB4QDAO.js[39m            [2m | [22m[2m-[22m                [2m | [22m[36m266.03 kB[39m[2m | [22m
[32mchunk-C6CBTKES.js[39m            [2m | [22m[2m-[22m                [2m | [22m[36m206.39 kB[39m[2m | [22m
[32mstyles.css[39m                   [2m | [22m[2mstyles[22m           [2m | [22m[36m154.39 kB[39m[2m | [22m
[32mchunk-CPRPTMKR.js[39m            [2m | [22m[2m-[22m                [2m | [22m [36m71.43 kB[39m[2m | [22m
[32mchunk-GJG7USCF.js[39m            [2m | [22m[2m-[22m                [2m | [22m [36m43.77 kB[39m[2m | [22m
[32mchunk-L3MMQEKC.js[39m            [2m | [22m[2m-[22m                [2m | [22m [36m41.28 kB[39m[2m | [22m
[32mchunk-VODZ6B5G.js[39m            [2m | [22m[2m-[22m                [2m | [22m [36m29.55 kB[39m[2m | [22m
[32mchunk-O4RPZXPD.js[39m            [2m | [22m[2m-[22m                [2m | [22m [36m20.94 kB[39m[2m | [22m
[32mmain.js[39m                      [2m | [22m[2mmain[22m             [2m | [22m [36m16.31 kB[39m[2m | [22m
[32mchunk-ALU43CDD.js[39m            [2m | [22m[2m-[22m                [2m | [22m [36m12.59 kB[39m[2m | [22m
[32mchunk-VXIENI2A.js[39m            [2m | [22m[2m-[22m                [2m | [22m  [36m7.55 kB[39m[2m | [22m
[32mchunk-YZ7BJYY2.js[39m            [2m | [22m[2m-[22m                [2m | [22m  [36m7.28 kB[39m[2m | [22m
[32mchunk-U4SBEFB2.js[39m            [2m | [22m[2m-[22m                [2m | [22m  [36m1.89 kB[39m[2m | [22m
[32mchunk-PIAPPY66.js[39m            [2m | [22m[2m-[22m                [2m | [22m  [36m1.64 kB[39m[2m | [22m
[32mpolyfills.js[39m                 [2m | [22m[2mpolyfills[22m        [2m | [22m[36m143 bytes[39m[2m | [22m

[1m [22m                            [2m | [22m[1mInitial total[22m    [2m | [22m[1m881.18 kB[22m

[1mLazy chunk files[22m             [2m | [22m[1mNames[22m            [2m | [22m [1mRaw size[22m
[32mcreate.page-6NIM4QSO.js[39m      [2m | [22m[2mcreate-page[22m      [2m | [22m[36m125.31 kB[39m[2m | [22m
[32mcovers.page-7XB3R4Q7.js[39m      [2m | [22m[2mcovers-page[22m      [2m | [22m [36m84.55 kB[39m[2m | [22m
[32mchunk-IEMHR5L3.js[39m            [2m | [22m[2m-[22m                [2m | [22m [36m50.91 kB[39m[2m | [22m
[32msettings.page-2ODJCAZK.js[39m    [2m | [22m[2msettings-page[22m    [2m | [22m [36m17.95 kB[39m[2m | [22m
[32mchunk-FBE63T4P.js[39m            [2m | [22m[2m-[22m                [2m | [22m [36m13.73 kB[39m[2m | [22m
[32mrequisites.page-3MDFKKNU.js[39m  [2m | [22m[2mrequisites-page[22m  [2m | [22m [36m11.79 kB[39m[2m | [22m
[32minstructions.page-B3UEHZXV.js[39m[2m | [22m[2minstructions-page[22m[2m | [22m  [36m9.51 kB[39m[2m | [22m
[32mdefault.page-E6RAVWWH.js[39m     [2m | [22m[2mdefault-page[22m     [2m | [22m  [36m7.39 kB[39m[2m | [22m
[32mtabs.routes-AHIAZER6.js[39m      [2m | [22m[2mtabs-routes[22m      [2m | [22m  [36m7.36 kB[39m[2m | [22m
[32mtext.page-YGJ7KGRX.js[39m        [2m | [22m[2mtext-page[22m        [2m | [22m  [36m6.57 kB[39m[2m | [22m
[32mpublic-api-3X47CUBU.js[39m       [2m | [22m[2mpublic-api[22m       [2m | [22m  [36m1.04 kB[39m[2m | [22m
[32mpublic-api-3BF7ZQF7.js[39m       [2m | [22m[2mpublic-api[22m       [2m | [22m[36m837 bytes[39m[2m | [22m
[32meditor-shell.page-LNS3T6HS.js[39m[2m | [22m[2meditor-shell-page[22m[2m | [22m[36m232 bytes[39m[2m | [22m
[32madjustments.page-66VXQ3IL.js[39m [2m | [22m[2madjustments-page[22m [2m | [22m[36m231 bytes[39m[2m | [22m
[32mtools.page-DDNVUTRO.js[39m       [2m | [22m[2mtools-page[22m       [2m | [22m[36m213 bytes[39m[2m | [22m
[2m...and 1 more lazy chunks files. Use "--verbose" to show all the files.[22m

Application bundle generation complete. [0.025 seconds] - 2026-03-27T06:25:12.095Z

Page reload sent to client(s).
[33m>[39m Changes detected. Rebuilding...
[1m[33mOne or more browsers which are configured in the project's Browserslist configuration fall outside Angular's browser support for this version.
Unsupported browsers:
chrome 106, chrome 105, chrome 104, chrome 103, chrome 102, chrome 101, chrome 100, chrome 99, chrome 98, chrome 97, chrome 96, chrome 95, chrome 94, chrome 93, chrome 92, chrome 91, chrome 90, chrome 89, chrome 88, chrome 87, chrome 86, chrome 85, chrome 84, chrome 83, chrome 81, chrome 80, chrome 79, chrome 78, chrome 77, chrome 76, chrome 75, chrome 74[39m[22m
[32m√[39m Changes detected. Rebuilding...
[1mInitial chunk files[22m          [2m | [22m[1mNames[22m            [2m | [22m [1mRaw size[22m
[32mchunk-RKB4QDAO.js[39m            [2m | [22m[2m-[22m                [2m | [22m[36m266.03 kB[39m[2m | [22m
[32mchunk-C6CBTKES.js[39m            [2m | [22m[2m-[22m                [2m | [22m[36m206.39 kB[39m[2m | [22m
[32mstyles.css[39m                   [2m | [22m[2mstyles[22m           [2m | [22m[36m154.39 kB[39m[2m | [22m
[32mchunk-CPRPTMKR.js[39m            [2m | [22m[2m-[22m                [2m | [22m [36m71.43 kB[39m[2m | [22m
[32mchunk-GJG7USCF.js[39m            [2m | [22m[2m-[22m                [2m | [22m [36m43.77 kB[39m[2m | [22m
[32mchunk-L3MMQEKC.js[39m            [2m | [22m[2m-[22m                [2m | [22m [36m41.28 kB[39m[2m | [22m
[32mchunk-VODZ6B5G.js[39m            [2m | [22m[2m-[22m                [2m | [22m [36m29.55 kB[39m[2m | [22m
[32mchunk-O4RPZXPD.js[39m            [2m | [22m[2m-[22m                [2m | [22m [36m20.94 kB[39m[2m | [22m
[32mmain.js[39m                      [2m | [22m[2mmain[22m             [2m | [22m [36m16.31 kB[39m[2m | [22m
[32mchunk-ALU43CDD.js[39m            [2m | [22m[2m-[22m                [2m | [22m [36m12.59 kB[39m[2m | [22m
[32mchunk-VXIENI2A.js[39m            [2m | [22m[2m-[22m                [2m | [22m  [36m7.55 kB[39m[2m | [22m
[32mchunk-YZ7BJYY2.js[39m            [2m | [22m[2m-[22m                [2m | [22m  [36m7.28 kB[39m[2m | [22m
[32mchunk-U4SBEFB2.js[39m            [2m | [22m[2m-[22m                [2m | [22m  [36m1.89 kB[39m[2m | [22m
[32mchunk-PIAPPY66.js[39m            [2m | [22m[2m-[22m                [2m | [22m  [36m1.64 kB[39m[2m | [22m
[32mpolyfills.js[39m                 [2m | [22m[2mpolyfills[22m        [2m | [22m[36m143 bytes[39m[2m | [22m

[1m [22m                            [2m | [22m[1mInitial total[22m    [2m | [22m[1m881.18 kB[22m

[1mLazy chunk files[22m             [2m | [22m[1mNames[22m            [2m | [22m [1mRaw size[22m
[32mcreate.page-6NIM4QSO.js[39m      [2m | [22m[2mcreate-page[22m      [2m | [22m[36m125.31 kB[39m[2m | [22m
[32mcovers.page-7XB3R4Q7.js[39m      [2m | [22m[2mcovers-page[22m      [2m | [22m [36m84.55 kB[39m[2m | [22m
[32mchunk-IEMHR5L3.js[39m            [2m | [22m[2m-[22m                [2m | [22m [36m50.91 kB[39m[2m | [22m
[32msettings.page-2ODJCAZK.js[39m    [2m | [22m[2msettings-page[22m    [2m | [22m [36m17.95 kB[39m[2m | [22m
[32mchunk-FBE63T4P.js[39m            [2m | [22m[2m-[22m                [2m | [22m [36m13.73 kB[39m[2m | [22m
[32mrequisites.page-3MDFKKNU.js[39m  [2m | [22m[2mrequisites-page[22m  [2m | [22m [36m11.79 kB[39m[2m | [22m
[32minstructions.page-B3UEHZXV.js[39m[2m | [22m[2minstructions-page[22m[2m | [22m  [36m9.51 kB[39m[2m | [22m
[32mdefault.page-E6RAVWWH.js[39m     [2m | [22m[2mdefault-page[22m     [2m | [22m  [36m7.39 kB[39m[2m | [22m
[32mtabs.routes-AHIAZER6.js[39m      [2m | [22m[2mtabs-routes[22m      [2m | [22m  [36m7.36 kB[39m[2m | [22m
[32mtext.page-YGJ7KGRX.js[39m        [2m | [22m[2mtext-page[22m        [2m | [22m  [36m6.57 kB[39m[2m | [22m
[32mpublic-api-3X47CUBU.js[39m       [2m | [22m[2mpublic-api[22m       [2m | [22m  [36m1.04 kB[39m[2m | [22m
[32mpublic-api-3BF7ZQF7.js[39m       [2m | [22m[2mpublic-api[22m       [2m | [22m[36m837 bytes[39m[2m | [22m
[32meditor-shell.page-LNS3T6HS.js[39m[2m | [22m[2meditor-shell-page[22m[2m | [22m[36m232 bytes[39m[2m | [22m
[32madjustments.page-66VXQ3IL.js[39m [2m | [22m[2madjustments-page[22m [2m | [22m[36m231 bytes[39m[2m | [22m
[32mtools.page-DDNVUTRO.js[39m       [2m | [22m[2mtools-page[22m       [2m | [22m[36m213 bytes[39m[2m | [22m
[2m...and 1 more lazy chunks files. Use "--verbose" to show all the files.[22m

Application bundle generation complete. [0.026 seconds] - 2026-03-27T06:25:20.618Z

Page reload sent to client(s).
[33m>[39m Changes detected. Rebuilding...
[1m[33mOne or more browsers which are configured in the project's Browserslist configuration fall outside Angular's browser support for this version.
Unsupported browsers:
chrome 106, chrome 105, chrome 104, chrome 103, chrome 102, chrome 101, chrome 100, chrome 99, chrome 98, chrome 97, chrome 96, chrome 95, chrome 94, chrome 93, chrome 92, chrome 91, chrome 90, chrome 89, chrome 88, chrome 87, chrome 86, chrome 85, chrome 84, chrome 83, chrome 81, chrome 80, chrome 79, chrome 78, chrome 77, chrome 76, chrome 75, chrome 74[39m[22m
[32m√[39m Changes detected. Rebuilding...
[1mInitial chunk files[22m          [2m | [22m[1mNames[22m            [2m | [22m [1mRaw size[22m
[32mchunk-RKB4QDAO.js[39m            [2m | [22m[2m-[22m                [2m | [22m[36m266.03 kB[39m[2m | [22m
[32mchunk-C6CBTKES.js[39m            [2m | [22m[2m-[22m                [2m | [22m[36m206.39 kB[39m[2m | [22m
[32mstyles.css[39m                   [2m | [22m[2mstyles[22m           [2m | [22m[36m154.39 kB[39m[2m | [22m
[32mchunk-CPRPTMKR.js[39m            [2m | [22m[2m-[22m                [2m | [22m [36m71.43 kB[39m[2m | [22m
[32mchunk-GJG7USCF.js[39m            [2m | [22m[2m-[22m                [2m | [22m [36m43.77 kB[39m[2m | [22m
[32mchunk-L3MMQEKC.js[39m            [2m | [22m[2m-[22m                [2m | [22m [36m41.28 kB[39m[2m | [22m
[32mchunk-VODZ6B5G.js[39m            [2m | [22m[2m-[22m                [2m | [22m [36m29.55 kB[39m[2m | [22m
[32mchunk-O4RPZXPD.js[39m            [2m | [22m[2m-[22m                [2m | [22m [36m20.94 kB[39m[2m | [22m
[32mmain.js[39m                      [2m | [22m[2mmain[22m             [2m | [22m [36m16.31 kB[39m[2m | [22m
[32mchunk-ALU43CDD.js[39m            [2m | [22m[2m-[22m                [2m | [22m [36m12.59 kB[39m[2m | [22m
[32mchunk-VXIENI2A.js[39m            [2m | [22m[2m-[22m                [2m | [22m  [36m7.55 kB[39m[2m | [22m
[32mchunk-YZ7BJYY2.js[39m            [2m | [22m[2m-[22m                [2m | [22m  [36m7.28 kB[39m[2m | [22m
[32mchunk-U4SBEFB2.js[39m            [2m | [22m[2m-[22m                [2m | [22m  [36m1.89 kB[39m[2m | [22m
[32mchunk-PIAPPY66.js[39m            [2m | [22m[2m-[22m                [2m | [22m  [36m1.64 kB[39m[2m | [22m
[32mpolyfills.js[39m                 [2m | [22m[2mpolyfills[22m        [2m | [22m[36m143 bytes[39m[2m | [22m

[1m [22m                            [2m | [22m[1mInitial total[22m    [2m | [22m[1m881.18 kB[22m

[1mLazy chunk files[22m             [2m | [22m[1mNames[22m            [2m | [22m [1mRaw size[22m
[32mcreate.page-6NIM4QSO.js[39m      [2m | [22m[2mcreate-page[22m      [2m | [22m[36m125.31 kB[39m[2m | [22m
[32mcovers.page-7XB3R4Q7.js[39m      [2m | [22m[2mcovers-page[22m      [2m | [22m [36m84.55 kB[39m[2m | [22m
[32mchunk-IEMHR5L3.js[39m            [2m | [22m[2m-[22m                [2m | [22m [36m50.91 kB[39m[2m | [22m
[32msettings.page-2ODJCAZK.js[39m    [2m | [22m[2msettings-page[22m    [2m | [22m [36m17.95 kB[39m[2m | [22m
[32mchunk-FBE63T4P.js[39m            [2m | [22m[2m-[22m                [2m | [22m [36m13.73 kB[39m[2m | [22m
[32mrequisites.page-3MDFKKNU.js[39m  [2m | [22m[2mrequisites-page[22m  [2m | [22m [36m11.79 kB[39m[2m | [22m
[32minstructions.page-B3UEHZXV.js[39m[2m | [22m[2minstructions-page[22m[2m | [22m  [36m9.51 kB[39m[2m | [22m
[32mdefault.page-E6RAVWWH.js[39m     [2m | [22m[2mdefault-page[22m     [2m | [22m  [36m7.39 kB[39m[2m | [22m
[32mtabs.routes-AHIAZER6.js[39m      [2m | [22m[2mtabs-routes[22m      [2m | [22m  [36m7.36 kB[39m[2m | [22m
[32mtext.page-YGJ7KGRX.js[39m        [2m | [22m[2mtext-page[22m        [2m | [22m  [36m6.57 kB[39m[2m | [22m
[32mpublic-api-3X47CUBU.js[39m       [2m | [22m[2mpublic-api[22m       [2m | [22m  [36m1.04 kB[39m[2m | [22m
[32mpublic-api-3BF7ZQF7.js[39m       [2m | [22m[2mpublic-api[22m       [2m | [22m[36m837 bytes[39m[2m | [22m
[32meditor-shell.page-LNS3T6HS.js[39m[2m | [22m[2meditor-shell-page[22m[2m | [22m[36m232 bytes[39m[2m | [22m
[32madjustments.page-66VXQ3IL.js[39m [2m | [22m[2madjustments-page[22m [2m | [22m[36m231 bytes[39m[2m | [22m
[32mtools.page-DDNVUTRO.js[39m       [2m | [22m[2mtools-page[22m       [2m | [22m[36m213 bytes[39m[2m | [22m
[2m...and 1 more lazy chunks files. Use "--verbose" to show all the files.[22m

Application bundle generation complete. [0.025 seconds] - 2026-03-27T06:25:24.664Z

Page reload sent to client(s).
[33m>[39m Changes detected. Rebuilding...
[1m[33mOne or more browsers which are configured in the project's Browserslist configuration fall outside Angular's browser support for this version.
Unsupported browsers:
chrome 106, chrome 105, chrome 104, chrome 103, chrome 102, chrome 101, chrome 100, chrome 99, chrome 98, chrome 97, chrome 96, chrome 95, chrome 94, chrome 93, chrome 92, chrome 91, chrome 90, chrome 89, chrome 88, chrome 87, chrome 86, chrome 85, chrome 84, chrome 83, chrome 81, chrome 80, chrome 79, chrome 78, chrome 77, chrome 76, chrome 75, chrome 74[39m[22m
[32m√[39m Changes detected. Rebuilding...
[1mInitial chunk files[22m          [2m | [22m[1mNames[22m            [2m | [22m [1mRaw size[22m
[32mchunk-RKB4QDAO.js[39m            [2m | [22m[2m-[22m                [2m | [22m[36m266.03 kB[39m[2m | [22m
[32mchunk-C6CBTKES.js[39m            [2m | [22m[2m-[22m                [2m | [22m[36m206.39 kB[39m[2m | [22m
[32mstyles.css[39m                   [2m | [22m[2mstyles[22m           [2m | [22m[36m154.39 kB[39m[2m | [22m
[32mchunk-CPRPTMKR.js[39m            [2m | [22m[2m-[22m                [2m | [22m [36m71.43 kB[39m[2m | [22m
[32mchunk-GJG7USCF.js[39m            [2m | [22m[2m-[22m                [2m | [22m [36m43.77 kB[39m[2m | [22m
[32mchunk-L3MMQEKC.js[39m            [2m | [22m[2m-[22m                [2m | [22m [36m41.28 kB[39m[2m | [22m
[32mchunk-VODZ6B5G.js[39m            [2m | [22m[2m-[22m                [2m | [22m [36m29.55 kB[39m[2m | [22m
[32mchunk-O4RPZXPD.js[39m            [2m | [22m[2m-[22m                [2m | [22m [36m20.94 kB[39m[2m | [22m
[32mmain.js[39m                      [2m | [22m[2mmain[22m             [2m | [22m [36m16.31 kB[39m[2m | [22m
[32mchunk-ALU43CDD.js[39m            [2m | [22m[2m-[22m                [2m | [22m [36m12.59 kB[39m[2m | [22m
[32mchunk-VXIENI2A.js[39m            [2m | [22m[2m-[22m                [2m | [22m  [36m7.55 kB[39m[2m | [22m
[32mchunk-YZ7BJYY2.js[39m            [2m | [22m[2m-[22m                [2m | [22m  [36m7.28 kB[39m[2m | [22m
[32mchunk-U4SBEFB2.js[39m            [2m | [22m[2m-[22m                [2m | [22m  [36m1.89 kB[39m[2m | [22m
[32mchunk-PIAPPY66.js[39m            [2m | [22m[2m-[22m                [2m | [22m  [36m1.64 kB[39m[2m | [22m
[32mpolyfills.js[39m                 [2m | [22m[2mpolyfills[22m        [2m | [22m[36m143 bytes[39m[2m | [22m

[1m [22m                            [2m | [22m[1mInitial total[22m    [2m | [22m[1m881.18 kB[22m

[1mLazy chunk files[22m             [2m | [22m[1mNames[22m            [2m | [22m [1mRaw size[22m
[32mcreate.page-6NIM4QSO.js[39m      [2m | [22m[2mcreate-page[22m      [2m | [22m[36m125.31 kB[39m[2m | [22m
[32mcovers.page-7XB3R4Q7.js[39m      [2m | [22m[2mcovers-page[22m      [2m | [22m [36m84.55 kB[39m[2m | [22m
[32mchunk-IEMHR5L3.js[39m            [2m | [22m[2m-[22m                [2m | [22m [36m50.91 kB[39m[2m | [22m
[32msettings.page-2ODJCAZK.js[39m    [2m | [22m[2msettings-page[22m    [2m | [22m [36m17.95 kB[39m[2m | [22m
[32mchunk-FBE63T4P.js[39m            [2m | [22m[2m-[22m                [2m | [22m [36m13.73 kB[39m[2m | [22m
[32mrequisites.page-3MDFKKNU.js[39m  [2m | [22m[2mrequisites-page[22m  [2m | [22m [36m11.79 kB[39m[2m | [22m
[32minstructions.page-B3UEHZXV.js[39m[2m | [22m[2minstructions-page[22m[2m | [22m  [36m9.51 kB[39m[2m | [22m
[32mdefault.page-E6RAVWWH.js[39m     [2m | [22m[2mdefault-page[22m     [2m | [22m  [36m7.39 kB[39m[2m | [22m
[32mtabs.routes-AHIAZER6.js[39m      [2m | [22m[2mtabs-routes[22m      [2m | [22m  [36m7.36 kB[39m[2m | [22m
[32mtext.page-YGJ7KGRX.js[39m        [2m | [22m[2mtext-page[22m        [2m | [22m  [36m6.57 kB[39m[2m | [22m
[32mpublic-api-3X47CUBU.js[39m       [2m | [22m[2mpublic-api[22m       [2m | [22m  [36m1.04 kB[39m[2m | [22m
[32mpublic-api-3BF7ZQF7.js[39m       [2m | [22m[2mpublic-api[22m       [2m | [22m[36m837 bytes[39m[2m | [22m
[32meditor-shell.page-LNS3T6HS.js[39m[2m | [22m[2meditor-shell-page[22m[2m | [22m[36m232 bytes[39m[2m | [22m
[32madjustments.page-66VXQ3IL.js[39m [2m | [22m[2madjustments-page[22m [2m | [22m[36m231 bytes[39m[2m | [22m
[32mtools.page-DDNVUTRO.js[39m       [2m | [22m[2mtools-page[22m       [2m | [22m[36m213 bytes[39m[2m | [22m
[2m...and 1 more lazy chunks files. Use "--verbose" to show all the files.[22m

Application bundle generation complete. [0.024 seconds] - 2026-03-27T06:25:28.320Z

Page reload sent to client(s).
[33m>[39m Changes detected. Rebuilding...
[1m[33mOne or more browsers which are configured in the project's Browserslist configuration fall outside Angular's browser support for this version.
Unsupported browsers:
chrome 106, chrome 105, chrome 104, chrome 103, chrome 102, chrome 101, chrome 100, chrome 99, chrome 98, chrome 97, chrome 96, chrome 95, chrome 94, chrome 93, chrome 92, chrome 91, chrome 90, chrome 89, chrome 88, chrome 87, chrome 86, chrome 85, chrome 84, chrome 83, chrome 81, chrome 80, chrome 79, chrome 78, chrome 77, chrome 76, chrome 75, chrome 74[39m[22m
[32m√[39m Changes detected. Rebuilding...
[1mInitial chunk files[22m          [2m | [22m[1mNames[22m            [2m | [22m [1mRaw size[22m
[32mchunk-RKB4QDAO.js[39m            [2m | [22m[2m-[22m                [2m | [22m[36m266.03 kB[39m[2m | [22m
[32mchunk-C6CBTKES.js[39m            [2m | [22m[2m-[22m                [2m | [22m[36m206.39 kB[39m[2m | [22m
[32mstyles.css[39m                   [2m | [22m[2mstyles[22m           [2m | [22m[36m154.39 kB[39m[2m | [22m
[32mchunk-CPRPTMKR.js[39m            [2m | [22m[2m-[22m                [2m | [22m [36m71.43 kB[39m[2m | [22m
[32mchunk-GJG7USCF.js[39m            [2m | [22m[2m-[22m                [2m | [22m [36m43.77 kB[39m[2m | [22m
[32mchunk-L3MMQEKC.js[39m            [2m | [22m[2m-[22m                [2m | [22m [36m41.28 kB[39m[2m | [22m
[32mchunk-VODZ6B5G.js[39m            [2m | [22m[2m-[22m                [2m | [22m [36m29.55 kB[39m[2m | [22m
[32mchunk-O4RPZXPD.js[39m            [2m | [22m[2m-[22m                [2m | [22m [36m20.94 kB[39m[2m | [22m
[32mmain.js[39m                      [2m | [22m[2mmain[22m             [2m | [22m [36m16.31 kB[39m[2m | [22m
[32mchunk-ALU43CDD.js[39m            [2m | [22m[2m-[22m                [2m | [22m [36m12.59 kB[39m[2m | [22m
[32mchunk-VXIENI2A.js[39m            [2m | [22m[2m-[22m                [2m | [22m  [36m7.55 kB[39m[2m | [22m
[32mchunk-YZ7BJYY2.js[39m            [2m | [22m[2m-[22m                [2m | [22m  [36m7.28 kB[39m[2m | [22m
[32mchunk-U4SBEFB2.js[39m            [2m | [22m[2m-[22m                [2m | [22m  [36m1.89 kB[39m[2m | [22m
[32mchunk-PIAPPY66.js[39m            [2m | [22m[2m-[22m                [2m | [22m  [36m1.64 kB[39m[2m | [22m
[32mpolyfills.js[39m                 [2m | [22m[2mpolyfills[22m        [2m | [22m[36m143 bytes[39m[2m | [22m

[1m [22m                            [2m | [22m[1mInitial total[22m    [2m | [22m[1m881.18 kB[22m

[1mLazy chunk files[22m             [2m | [22m[1mNames[22m            [2m | [22m [1mRaw size[22m
[32mcreate.page-6NIM4QSO.js[39m      [2m | [22m[2mcreate-page[22m      [2m | [22m[36m125.31 kB[39m[2m | [22m
[32mcovers.page-7XB3R4Q7.js[39m      [2m | [22m[2mcovers-page[22m      [2m | [22m [36m84.55 kB[39m[2m | [22m
[32mchunk-IEMHR5L3.js[39m            [2m | [22m[2m-[22m                [2m | [22m [36m50.91 kB[39m[2m | [22m
[32msettings.page-2ODJCAZK.js[39m    [2m | [22m[2msettings-page[22m    [2m | [22m [36m17.95 kB[39m[2m | [22m
[32mchunk-FBE63T4P.js[39m            [2m | [22m[2m-[22m                [2m | [22m [36m13.73 kB[39m[2m | [22m
[32mrequisites.page-3MDFKKNU.js[39m  [2m | [22m[2mrequisites-page[22m  [2m | [22m [36m11.79 kB[39m[2m | [22m
[32minstructions.page-B3UEHZXV.js[39m[2m | [22m[2minstructions-page[22m[2m | [22m  [36m9.51 kB[39m[2m | [22m
[32mdefault.page-E6RAVWWH.js[39m     [2m | [22m[2mdefault-page[22m     [2m | [22m  [36m7.39 kB[39m[2m | [22m
[32mtabs.routes-AHIAZER6.js[39m      [2m | [22m[2mtabs-routes[22m      [2m | [22m  [36m7.36 kB[39m[2m | [22m
[32mtext.page-YGJ7KGRX.js[39m        [2m | [22m[2mtext-page[22m        [2m | [22m  [36m6.57 kB[39m[2m | [22m
[32mpublic-api-3X47CUBU.js[39m       [2m | [22m[2mpublic-api[22m       [2m | [22m  [36m1.04 kB[39m[2m | [22m
[32mpublic-api-3BF7ZQF7.js[39m       [2m | [22m[2mpublic-api[22m       [2m | [22m[36m837 bytes[39m[2m | [22m
[32meditor-shell.page-LNS3T6HS.js[39m[2m | [22m[2meditor-shell-page[22m[2m | [22m[36m232 bytes[39m[2m | [22m
[32madjustments.page-66VXQ3IL.js[39m [2m | [22m[2madjustments-page[22m [2m | [22m[36m231 bytes[39m[2m | [22m
[32mtools.page-DDNVUTRO.js[39m       [2m | [22m[2mtools-page[22m       [2m | [22m[36m213 bytes[39m[2m | [22m
[2m...and 1 more lazy chunks files. Use "--verbose" to show all the files.[22m

Application bundle generation complete. [0.024 seconds] - 2026-03-27T06:25:31.924Z

Page reload sent to client(s).
[33m>[39m Changes detected. Rebuilding...
[1m[33mOne or more browsers which are configured in the project's Browserslist configuration fall outside Angular's browser support for this version.
Unsupported browsers:
chrome 106, chrome 105, chrome 104, chrome 103, chrome 102, chrome 101, chrome 100, chrome 99, chrome 98, chrome 97, chrome 96, chrome 95, chrome 94, chrome 93, chrome 92, chrome 91, chrome 90, chrome 89, chrome 88, chrome 87, chrome 86, chrome 85, chrome 84, chrome 83, chrome 81, chrome 80, chrome 79, chrome 78, chrome 77, chrome 76, chrome 75, chrome 74[39m[22m
[32m√[39m Changes detected. Rebuilding...
[1mInitial chunk files[22m    [2m | [22m[1mNames[22m      [2m | [22m [1mRaw size[22m
[32mmain.js[39m                [2m | [22m[2mmain[22m       [2m | [22m [36m16.31 kB[39m[2m | [22m

[1mLazy chunk files[22m       [2m | [22m[1mNames[22m      [2m | [22m [1mRaw size[22m
[32mcreate.page-26YYBQZ5.js[39m[2m | [22m[2mcreate-page[22m[2m | [22m[36m125.58 kB[39m[2m | [22m
[32mtabs.routes-EKUJBXU6.js[39m[2m | [22m[2mtabs-routes[22m[2m | [22m  [36m7.36 kB[39m[2m | [22m

Application bundle generation complete. [0.683 seconds] - 2026-03-27T06:31:14.082Z

Page reload sent to client(s).
