> ng.cmd run app:serve --host=localhost --port=8101
[ng] [33m>[39m Building...
[ng] One or more browsers which are configured in the project's Browserslist configuration fall outside Angular's browser support for this version.
[ng] Unsupported browsers:
[ng] chrome 106, chrome 105, chrome 104, chrome 103, chrome 102, chrome 101, chrome 100, chrome 99, chrome 98, chrome 97, chrome 96, chrome 95, chrome 94, chrome 93, chrome 92, chrome 91, chrome 90, chrome 89, chrome 88, chrome 87, chrome 86, chrome 85, chrome 84, chrome 83, chrome 81, chrome 80, chrome 79, chrome 78, chrome 77, chrome 76, chrome 75, chrome 74
[ng] [32m√[39m Building...
[ng] Initial chunk files           | Names             |  Raw size
[ng] styles.css                    | styles            | 399.24 kB | 
[ng] chunk-GLVQZHYK.js             | -                 | 266.87 kB | 
[ng] chunk-JCSEE6KV.js             | -                 | 206.71 kB | 
[ng] chunk-XDJH46FW.js             | -                 | 202.06 kB | 
[ng] chunk-3IUHF643.js             | -                 |  63.46 kB | 
[ng] chunk-ICFLMDVI.js             | -                 |  42.72 kB | 
[ng] chunk-4B2OQUJU.js             | -                 |  30.23 kB | 
[ng] main.js                       | main              |  24.57 kB | 
[ng] chunk-EUKBIHUO.js             | -                 |  20.98 kB | 
[ng] chunk-ALU43CDD.js             | -                 |  12.59 kB | 
[ng] chunk-JBWGLU4K.js             | -                 |   8.16 kB | 
[ng] chunk-EQ4SKE4N.js             | -                 |   7.95 kB | 
[ng] chunk-7WSIP26O.js             | -                 |   7.24 kB | 
[ng] chunk-PIAPPY66.js             | -                 |   1.64 kB | 
[ng] chunk-PWGPPN3T.js             | -                 | 311 bytes | 
[ng] polyfills.js                  | polyfills         | 143 bytes | 
[ng]                               | Initial total     |   1.29 MB
[ng] Lazy chunk files              | Names             |  Raw size
[ng] change.page-SZFV4ERM.js       | change-page       | 147.49 kB | 
[ng] my-epubs.page-ERAI2ZCT.js     | my-epubs-page     |  81.30 kB | 
[ng] chunk-4NBRQPD3.js             | -                 |  68.14 kB | 
[ng] settings.page-OD7NV4OP.js     | settings-page     |  27.45 kB | 
[ng] chunk-ATAJXIYL.js             | -                 |  12.97 kB | 
[ng] instructions.page-B3UEHZXV.js | instructions-page |   9.51 kB | 
[ng] theme.page-HAGNF7MF.js        | theme-page        |   8.44 kB | 
[ng] default.page-Z6UBLXWN.js      | default-page      |   7.82 kB | 
[ng] tabs.routes-ID2U63SP.js       | tabs-routes       |   7.38 kB | 
[ng] text.page-JRHFH2XC.js         | text-page         |   6.53 kB | 
[ng] public-api-NI6FV74O.js        | public-api        |   1.04 kB | 
[ng] public-api-ZJP2UETH.js        | public-api        | 837 bytes | 
[ng] editor-shell.page-AVB3QHZ2.js | editor-shell-page | 232 bytes | 
[ng] adjustments.page-WXSSES6W.js  | adjustments-page  | 231 bytes | 
[ng] tools.page-YV357RQL.js        | tools-page        | 213 bytes | 
[ng] ...and 1 more lazy chunks files. Use "--verbose" to show all the files.
[ng] Application bundle generation complete. [4.786 seconds] - 2026-05-01T01:16:33.340Z
[ng] NOTE: Raw file sizes do not reflect development server per-request transformations.
[ng] One or more browsers which are configured in the project's Browserslist configuration fall outside Angular's browser support for this version.
[ng] Unsupported browsers:
[ng] chrome 106, chrome 105, chrome 104, chrome 103, chrome 102, chrome 101, chrome 100, chrome 99, chrome 98, chrome 97, chrome 96, chrome 95, chrome 94, chrome 93, chrome 92, chrome 91, chrome 90, chrome 89, chrome 88, chrome 87, chrome 86, chrome 85, chrome 84, chrome 83, chrome 81, chrome 80, chrome 79, chrome 78, chrome 77, chrome 76, chrome 75, chrome 74

[[40mINFO[49m] Development server running!
       
       Local: http://localhost:8101
       
       Use Ctrl+C to quit this process

[ng]   ➜  Local:   http://localhost:8101/
[ng] [33m>[39m Changes detected. Rebuilding...
[ng] One or more browsers which are configured in the project's Browserslist configuration fall outside Angular's browser support for this version.
[ng] Unsupported browsers:
[ng] chrome 106, chrome 105, chrome 104, chrome 103, chrome 102, chrome 101, chrome 100, chrome 99, chrome 98, chrome 97, chrome 96, chrome 95, chrome 94, chrome 93, chrome 92, chrome 91, chrome 90, chrome 89, chrome 88, chrome 87, chrome 86, chrome 85, chrome 84, chrome 83, chrome 81, chrome 80, chrome 79, chrome 78, chrome 77, chrome 76, chrome 75, chrome 74
[ng] [32m√[39m Changes detected. Rebuilding...
[ng] Initial chunk files | Names | Raw size
[ng] main.js             | main  | 25.28 kB | 
[ng] Application bundle generation complete. [2.431 seconds] - 2026-05-01T01:17:35.857Z
[ng] Page reload sent to client(s).
[ng] [33m>[39m Changes detected. Rebuilding...
[ng] One or more browsers which are configured in the project's Browserslist configuration fall outside Angular's browser support for this version.
[ng] Unsupported browsers:
[ng] chrome 106, chrome 105, chrome 104, chrome 103, chrome 102, chrome 101, chrome 100, chrome 99, chrome 98, chrome 97, chrome 96, chrome 95, chrome 94, chrome 93, chrome 92, chrome 91, chrome 90, chrome 89, chrome 88, chrome 87, chrome 86, chrome 85, chrome 84, chrome 83, chrome 81, chrome 80, chrome 79, chrome 78, chrome 77, chrome 76, chrome 75, chrome 74
[ng] [32m√[39m Changes detected. Rebuilding...
[ng] Initial chunk files       | Names         |  Raw size
[ng] chunk-7K37ICQJ.js         | -             |  63.24 kB | 
[ng] main.js                   | main          |  25.28 kB | 
[ng] chunk-WAZO5RJ6.js         | -             |  20.98 kB | 
[ng] Lazy chunk files          | Names         |  Raw size
[ng] change.page-E7U42ZCG.js   | change-page   | 147.49 kB | 
[ng] settings.page-33W5B2BD.js | settings-page |  27.45 kB | 
[ng] tabs.routes-ZQBVAROJ.js   | tabs-routes   |   7.38 kB | 
[ng] Application bundle generation complete. [0.442 seconds] - 2026-05-01T01:24:37.780Z
[ng] Component update sent to client(s).
[ng] [33m>[39m Changes detected. Rebuilding...
[ng] One or more browsers which are configured in the project's Browserslist configuration fall outside Angular's browser support for this version.
[ng] Unsupported browsers:
[ng] chrome 106, chrome 105, chrome 104, chrome 103, chrome 102, chrome 101, chrome 100, chrome 99, chrome 98, chrome 97, chrome 96, chrome 95, chrome 94, chrome 93, chrome 92, chrome 91, chrome 90, chrome 89, chrome 88, chrome 87, chrome 86, chrome 85, chrome 84, chrome 83, chrome 81, chrome 80, chrome 79, chrome 78, chrome 77, chrome 76, chrome 75, chrome 74
[ng] [32m√[39m Changes detected. Rebuilding...
[ng] Initial chunk files       | Names         |  Raw size
[ng] chunk-IJQMVVA4.js         | -             |  63.56 kB | 
[ng] main.js                   | main          |  25.28 kB | 
[ng] chunk-LAD7NNSH.js         | -             |  20.98 kB | 
[ng] Lazy chunk files          | Names         |  Raw size
[ng] change.page-42A6WDMP.js   | change-page   | 147.49 kB | 
[ng] settings.page-QR7OSRJ7.js | settings-page |  27.45 kB | 
[ng] tabs.routes-4IO6W2TX.js   | tabs-routes   |   7.38 kB | 
[ng] Application bundle generation complete. [0.463 seconds] - 2026-05-01T01:27:13.117Z
[ng] Component update sent to client(s).
[ng] [33m>[39m Changes detected. Rebuilding...
[ng] One or more browsers which are configured in the project's Browserslist configuration fall outside Angular's browser support for this version.
[ng] Unsupported browsers:
[ng] chrome 106, chrome 105, chrome 104, chrome 103, chrome 102, chrome 101, chrome 100, chrome 99, chrome 98, chrome 97, chrome 96, chrome 95, chrome 94, chrome 93, chrome 92, chrome 91, chrome 90, chrome 89, chrome 88, chrome 87, chrome 86, chrome 85, chrome 84, chrome 83, chrome 81, chrome 80, chrome 79, chrome 78, chrome 77, chrome 76, chrome 75, chrome 74
[ng] [32m√[39m Changes detected. Rebuilding...
[ng] Initial chunk files | Names | Raw size
[ng] main.js             | main  | 23.92 kB | 
[ng] Application bundle generation complete. [0.501 seconds] - 2026-05-01T01:37:30.167Z
[ng] Page reload sent to client(s).
[ng] [33m>[39m Changes detected. Rebuilding...
[ng] One or more browsers which are configured in the project's Browserslist configuration fall outside Angular's browser support for this version.
[ng] Unsupported browsers:
[ng] chrome 106, chrome 105, chrome 104, chrome 103, chrome 102, chrome 101, chrome 100, chrome 99, chrome 98, chrome 97, chrome 96, chrome 95, chrome 94, chrome 93, chrome 92, chrome 91, chrome 90, chrome 89, chrome 88, chrome 87, chrome 86, chrome 85, chrome 84, chrome 83, chrome 81, chrome 80, chrome 79, chrome 78, chrome 77, chrome 76, chrome 75, chrome 74
[ng] [32m√[39m Changes detected. Rebuilding...
[ng] Initial chunk files | Names | Raw size
[ng] main.js             | main  | 23.92 kB | 
[ng] Application bundle generation complete. [0.336 seconds] - 2026-05-01T01:37:39.642Z
[ng] Page reload sent to client(s).
[ng] [33m>[39m Changes detected. Rebuilding...
[ng] One or more browsers which are configured in the project's Browserslist configuration fall outside Angular's browser support for this version.
[ng] Unsupported browsers:
[ng] chrome 106, chrome 105, chrome 104, chrome 103, chrome 102, chrome 101, chrome 100, chrome 99, chrome 98, chrome 97, chrome 96, chrome 95, chrome 94, chrome 93, chrome 92, chrome 91, chrome 90, chrome 89, chrome 88, chrome 87, chrome 86, chrome 85, chrome 84, chrome 83, chrome 81, chrome 80, chrome 79, chrome 78, chrome 77, chrome 76, chrome 75, chrome 74
[ng] [32m√[39m Changes detected. Rebuilding...
[ng] Application bundle generation failed. [0.912 seconds] - 2026-05-01T01:59:35.511Z
[ng] X [ERROR] TS2307: Cannot find module './rating.types' or its corresponding type declarations. [plugin angular-compiler]
[ng]     ../../packages/rating-kit/src/lib/rating-feedback-modal.component.ts:21:7:
[ng]       21 │ } from './rating.types';
[ng]          ╵        ~~~~~~~~~~~~~~~~
[ng] X [ERROR] TS2307: Cannot find module './rating.types' or its corresponding type declarations. [plugin angular-compiler]
[ng]     ../../packages/rating-kit/src/lib/rating-gate.service.ts:3:52:
[ng]       3 │ import type { RatingEligibility, RatingState } from './rating.types';
[ng]         ╵                                                     ~~~~~~~~~~~~~~~~
[ng] X [ERROR] TS2307: Cannot find module './rating.types' or its corresponding type declarations. [plugin angular-compiler]
[ng]     ../../packages/rating-kit/src/lib/rating-storage.service.ts:7:55:
[ng]       7 │ ...t type { RatingState, RatingStorageAdapter } from './rating.types';
[ng]         ╵                                                      ~~~~~~~~~~~~~~~~
[ng] X [ERROR] TS2307: Cannot find module './rating.types' or its corresponding type declarations. [plugin angular-compiler]
[ng]     ../../packages/rating-kit/src/lib/rating.config.ts:11:7:
[ng]       11 │ } from './rating.types';
[ng]          ╵        ~~~~~~~~~~~~~~~~
[ng] X [ERROR] TS4111: Property 'feedbackOptions' comes from an index signature, so it must be accessed with ['feedbackOptions']. [plugin angular-compiler]
[ng]     ../../packages/rating-kit/src/lib/rating.config.ts:42:13:
[ng]       42 │       config.feedbackOptions ?? DEFAULT_RATING_CONFIG.feedbackOpti...
[ng]          ╵              ~~~~~~~~~~~~~~~
[ng] X [ERROR] TS4111: Property 'storageKeyPrefix' comes from an index signature, so it must be accessed with ['storageKeyPrefix']. [plugin angular-compiler]
[ng]     ../../packages/rating-kit/src/lib/rating.config.ts:44:13:
[ng]       44 │       config.storageKeyPrefix ?? DEFAULT_RATING_CONFIG.storageKeyP...
[ng]          ╵              ~~~~~~~~~~~~~~~~
[ng] X [ERROR] TS4111: Property 'storeReviewUrl' comes from an index signature, so it must be accessed with ['storeReviewUrl']. [plugin angular-compiler]
[ng]     ../../packages/rating-kit/src/lib/rating.config.ts:46:13:
[ng]       46 │       config.storeReviewUrl ?? `market://details?id=${config.packa...
[ng]          ╵              ~~~~~~~~~~~~~~
[ng] X [ERROR] TS4111: Property 'webReviewUrl' comes from an index signature, so it must be accessed with ['webReviewUrl']. [plugin angular-compiler]
[ng]     ../../packages/rating-kit/src/lib/rating.config.ts:48:13:
[ng]       48 │       config.webReviewUrl ??
[ng]          ╵              ~~~~~~~~~~~~
[ng] X [ERROR] TS2307: Cannot find module './rating.types' or its corresponding type declarations. [plugin angular-compiler]
[ng]     ../../packages/rating-kit/src/lib/rating.service.ts:15:7:
[ng]       15 │ } from './rating.types';
[ng]          ╵        ~~~~~~~~~~~~~~~~
[ng] X [ERROR] TS7006: Parameter 'feedbackOption' implicitly has an 'any' type. [plugin angular-compiler]
[ng]     ../../packages/rating-kit/src/lib/rating.service.ts:200:7:
[ng]       200 │       (feedbackOption) => feedbackOption.id === submission.optionId,
[ng]           ╵        ~~~~~~~~~~~~~~
[ng] X [ERROR] TS2307: Cannot find module './lib/rating.types' or its corresponding type declarations. [plugin angular-compiler]
[ng]     ../../packages/rating-kit/src/public-api.ts:2:14:
[ng]       2 │ export * from './lib/rating.types';
[ng]         ╵               ~~~~~~~~~~~~~~~~~~~~
[ng] X [ERROR] Could not resolve "./rating.types"
[ng]     ../../packages/rating-kit/src/lib/rating-feedback-modal.component.ts:6:49:
[ng]       6 │ import { DEFAULT_RATING_FEEDBACK_OPTIONS, } from './rating.types';
[ng]         ╵                                                  ~~~~~~~~~~~~~~~~
[ng] X [ERROR] Could not resolve "./rating.types"
[ng]     ../../packages/rating-kit/src/lib/rating.config.ts:3:39:
[ng]       3 │ import { DEFAULT_RATING_CONFIG, } from './rating.types';
[ng]         ╵                                        ~~~~~~~~~~~~~~~~
[ng] X [ERROR] Could not resolve "./lib/rating.types"
[ng]     ../../packages/rating-kit/src/public-api.ts:2:14:
[ng]       2 │ export * from './lib/rating.types';
[ng]         ╵               ~~~~~~~~~~~~~~~~~~~~
[ng] [33m>[39m Changes detected. Rebuilding...
[ng] One or more browsers which are configured in the project's Browserslist configuration fall outside Angular's browser support for this version.
[ng] Unsupported browsers:
[ng] chrome 106, chrome 105, chrome 104, chrome 103, chrome 102, chrome 101, chrome 100, chrome 99, chrome 98, chrome 97, chrome 96, chrome 95, chrome 94, chrome 93, chrome 92, chrome 91, chrome 90, chrome 89, chrome 88, chrome 87, chrome 86, chrome 85, chrome 84, chrome 83, chrome 81, chrome 80, chrome 79, chrome 78, chrome 77, chrome 76, chrome 75, chrome 74
[ng] [32m√[39m Changes detected. Rebuilding...
[ng] Application bundle generation failed. [0.018 seconds] - 2026-05-01T01:59:52.073Z
[ng] X [ERROR] TS2307: Cannot find module './rating.types' or its corresponding type declarations. [plugin angular-compiler]
[ng]     ../../packages/rating-kit/src/lib/rating-feedback-modal.component.ts:21:7:
[ng]       21 │ } from './rating.types';
[ng]          ╵        ~~~~~~~~~~~~~~~~
[ng] X [ERROR] TS2307: Cannot find module './rating.types' or its corresponding type declarations. [plugin angular-compiler]
[ng]     ../../packages/rating-kit/src/lib/rating-gate.service.ts:3:52:
[ng]       3 │ import type { RatingEligibility, RatingState } from './rating.types';
[ng]         ╵                                                     ~~~~~~~~~~~~~~~~
[ng] X [ERROR] TS2307: Cannot find module './rating.types' or its corresponding type declarations. [plugin angular-compiler]
[ng]     ../../packages/rating-kit/src/lib/rating-storage.service.ts:7:55:
[ng]       7 │ ...t type { RatingState, RatingStorageAdapter } from './rating.types';
[ng]         ╵                                                      ~~~~~~~~~~~~~~~~
[ng] X [ERROR] TS2307: Cannot find module './rating.types' or its corresponding type declarations. [plugin angular-compiler]
[ng]     ../../packages/rating-kit/src/lib/rating.config.ts:11:7:
[ng]       11 │ } from './rating.types';
[ng]          ╵        ~~~~~~~~~~~~~~~~
[ng] X [ERROR] TS4111: Property 'feedbackOptions' comes from an index signature, so it must be accessed with ['feedbackOptions']. [plugin angular-compiler]
[ng]     ../../packages/rating-kit/src/lib/rating.config.ts:42:13:
[ng]       42 │       config.feedbackOptions ?? DEFAULT_RATING_CONFIG.feedbackOpti...
[ng]          ╵              ~~~~~~~~~~~~~~~
[ng] X [ERROR] TS4111: Property 'storageKeyPrefix' comes from an index signature, so it must be accessed with ['storageKeyPrefix']. [plugin angular-compiler]
[ng]     ../../packages/rating-kit/src/lib/rating.config.ts:44:13:
[ng]       44 │       config.storageKeyPrefix ?? DEFAULT_RATING_CONFIG.storageKeyP...
[ng]          ╵              ~~~~~~~~~~~~~~~~
[ng] X [ERROR] TS4111: Property 'storeReviewUrl' comes from an index signature, so it must be accessed with ['storeReviewUrl']. [plugin angular-compiler]
[ng]     ../../packages/rating-kit/src/lib/rating.config.ts:46:13:
[ng]       46 │       config.storeReviewUrl ?? `market://details?id=${config.packa...
[ng]          ╵              ~~~~~~~~~~~~~~
[ng] X [ERROR] TS4111: Property 'webReviewUrl' comes from an index signature, so it must be accessed with ['webReviewUrl']. [plugin angular-compiler]
[ng]     ../../packages/rating-kit/src/lib/rating.config.ts:48:13:
[ng]       48 │       config.webReviewUrl ??
[ng]          ╵              ~~~~~~~~~~~~
[ng] X [ERROR] TS2307: Cannot find module './rating.types' or its corresponding type declarations. [plugin angular-compiler]
[ng]     ../../packages/rating-kit/src/lib/rating.service.ts:15:7:
[ng]       15 │ } from './rating.types';
[ng]          ╵        ~~~~~~~~~~~~~~~~
[ng] X [ERROR] TS7006: Parameter 'feedbackOption' implicitly has an 'any' type. [plugin angular-compiler]
[ng]     ../../packages/rating-kit/src/lib/rating.service.ts:200:7:
[ng]       200 │       (feedbackOption) => feedbackOption.id === submission.optionId,
[ng]           ╵        ~~~~~~~~~~~~~~
[ng] X [ERROR] TS2307: Cannot find module './lib/rating.types' or its corresponding type declarations. [plugin angular-compiler]
[ng]     ../../packages/rating-kit/src/public-api.ts:2:14:
[ng]       2 │ export * from './lib/rating.types';
[ng]         ╵               ~~~~~~~~~~~~~~~~~~~~
[ng] X [ERROR] Could not resolve "./rating.types"
[ng]     ../../packages/rating-kit/src/lib/rating-feedback-modal.component.ts:6:49:
[ng]       6 │ import { DEFAULT_RATING_FEEDBACK_OPTIONS, } from './rating.types';
[ng]         ╵                                                  ~~~~~~~~~~~~~~~~
[ng] X [ERROR] Could not resolve "./rating.types"
[ng]     ../../packages/rating-kit/src/lib/rating.config.ts:3:39:
[ng]       3 │ import { DEFAULT_RATING_CONFIG, } from './rating.types';
[ng]         ╵                                        ~~~~~~~~~~~~~~~~
[ng] X [ERROR] Could not resolve "./lib/rating.types"
[ng]     ../../packages/rating-kit/src/public-api.ts:2:14:
[ng]       2 │ export * from './lib/rating.types';
[ng]         ╵               ~~~~~~~~~~~~~~~~~~~~
[ng] [33m>[39m Changes detected. Rebuilding...
[ng] One or more browsers which are configured in the project's Browserslist configuration fall outside Angular's browser support for this version.
[ng] Unsupported browsers:
[ng] chrome 106, chrome 105, chrome 104, chrome 103, chrome 102, chrome 101, chrome 100, chrome 99, chrome 98, chrome 97, chrome 96, chrome 95, chrome 94, chrome 93, chrome 92, chrome 91, chrome 90, chrome 89, chrome 88, chrome 87, chrome 86, chrome 85, chrome 84, chrome 83, chrome 81, chrome 80, chrome 79, chrome 78, chrome 77, chrome 76, chrome 75, chrome 74
[ng] [32m√[39m Changes detected. Rebuilding...
[ng] Application bundle generation failed. [0.795 seconds] - 2026-05-01T01:59:58.728Z
[ng] X [ERROR] TS2322: Type '{ feedbackOptions: readonly RatingFeedbackOption[]; storageKeyPrefix: string; storeReviewUrl: string; webReviewUrl: string; storageAdapter?: StorageAdapter; ratingStorageAdapter?: RatingStorageAdapter; ... 8 more ...; feedbackEnabled: boolean; }' is not assignable to type 'ResolvedRatingConfig'.
[ng]   Types of property 'supportEmail' are incompatible.
[ng]     Type 'string | undefined' is not assignable to type 'string'.
[ng]       Type 'undefined' is not assignable to type 'string'. [plugin angular-compiler]
[ng]     ../../packages/rating-kit/src/lib/rating.config.ts:38:2:
[ng]       38 │   return {
[ng]          ╵   ~~~~~~
[ng] [33m>[39m Changes detected. Rebuilding...
[ng] One or more browsers which are configured in the project's Browserslist configuration fall outside Angular's browser support for this version.
[ng] Unsupported browsers:
[ng] chrome 106, chrome 105, chrome 104, chrome 103, chrome 102, chrome 101, chrome 100, chrome 99, chrome 98, chrome 97, chrome 96, chrome 95, chrome 94, chrome 93, chrome 92, chrome 91, chrome 90, chrome 89, chrome 88, chrome 87, chrome 86, chrome 85, chrome 84, chrome 83, chrome 81, chrome 80, chrome 79, chrome 78, chrome 77, chrome 76, chrome 75, chrome 74
[ng] [32m√[39m Changes detected. Rebuilding...
[ng] Application bundle generation failed. [0.244 seconds] - 2026-05-01T02:00:03.290Z
[ng] X [ERROR] TS2322: Type '{ feedbackOptions: readonly RatingFeedbackOption[]; storageKeyPrefix: string; storeReviewUrl: string; webReviewUrl: string; storageAdapter?: StorageAdapter; ratingStorageAdapter?: RatingStorageAdapter; ... 8 more ...; feedbackEnabled: boolean; }' is not assignable to type 'ResolvedRatingConfig'.
[ng]   Types of property 'supportEmail' are incompatible.
[ng]     Type 'string | undefined' is not assignable to type 'string'.
[ng]       Type 'undefined' is not assignable to type 'string'. [plugin angular-compiler]
[ng]     ../../packages/rating-kit/src/lib/rating.config.ts:38:2:
[ng]       38 │   return {
[ng]          ╵   ~~~~~~
[ng] [33m>[39m Changes detected. Rebuilding...
[ng] One or more browsers which are configured in the project's Browserslist configuration fall outside Angular's browser support for this version.
[ng] Unsupported browsers:
[ng] chrome 106, chrome 105, chrome 104, chrome 103, chrome 102, chrome 101, chrome 100, chrome 99, chrome 98, chrome 97, chrome 96, chrome 95, chrome 94, chrome 93, chrome 92, chrome 91, chrome 90, chrome 89, chrome 88, chrome 87, chrome 86, chrome 85, chrome 84, chrome 83, chrome 81, chrome 80, chrome 79, chrome 78, chrome 77, chrome 76, chrome 75, chrome 74
[ng] [32m√[39m Changes detected. Rebuilding...
[ng] Initial chunk files           | Names             |  Raw size
[ng] styles.css                    | styles            | 399.24 kB | 
[ng] chunk-GLVQZHYK.js             | -                 | 266.87 kB | 
[ng] chunk-JCSEE6KV.js             | -                 | 206.71 kB | 
[ng] chunk-XDJH46FW.js             | -                 | 202.06 kB | 
[ng] chunk-C4Y7YIKB.js             | -                 |  63.85 kB | 
[ng] chunk-ICFLMDVI.js             | -                 |  42.72 kB | 
[ng] chunk-4B2OQUJU.js             | -                 |  30.23 kB | 
[ng] main.js                       | main              |  23.88 kB | 
[ng] chunk-42KWGZDF.js             | -                 |  20.98 kB | 
[ng] chunk-ALU43CDD.js             | -                 |  12.59 kB | 
[ng] chunk-JBWGLU4K.js             | -                 |   8.16 kB | 
[ng] chunk-EQ4SKE4N.js             | -                 |   7.95 kB | 
[ng] chunk-7WSIP26O.js             | -                 |   7.24 kB | 
[ng] chunk-PIAPPY66.js             | -                 |   1.64 kB | 
[ng] chunk-PWGPPN3T.js             | -                 | 311 bytes | 
[ng] polyfills.js                  | polyfills         | 143 bytes | 
[ng]                               | Initial total     |   1.29 MB
[ng] Lazy chunk files              | Names             |  Raw size
[ng] change.page-OVO5HMIW.js       | change-page       | 147.49 kB | 
[ng] my-epubs.page-ERAI2ZCT.js     | my-epubs-page     |  81.30 kB | 
[ng] chunk-4NBRQPD3.js             | -                 |  68.14 kB | 
[ng] settings.page-PVUZRXHC.js     | settings-page     |  27.45 kB | 
[ng] chunk-ATAJXIYL.js             | -                 |  12.97 kB | 
[ng] instructions.page-B3UEHZXV.js | instructions-page |   9.51 kB | 
[ng] theme.page-HAGNF7MF.js        | theme-page        |   8.44 kB | 
[ng] default.page-Z6UBLXWN.js      | default-page      |   7.82 kB | 
[ng] tabs.routes-NKTBS4PG.js       | tabs-routes       |   7.38 kB | 
[ng] text.page-JRHFH2XC.js         | text-page         |   6.53 kB | 
[ng] public-api-NI6FV74O.js        | public-api        |   1.04 kB | 
[ng] public-api-ZJP2UETH.js        | public-api        | 837 bytes | 
[ng] editor-shell.page-AVB3QHZ2.js | editor-shell-page | 232 bytes | 
[ng] adjustments.page-WXSSES6W.js  | adjustments-page  | 231 bytes | 
[ng] tools.page-YV357RQL.js        | tools-page        | 213 bytes | 
[ng] ...and 1 more lazy chunks files. Use "--verbose" to show all the files.
[ng] Application bundle generation complete. [0.298 seconds] - 2026-05-01T02:00:28.396Z
[ng] Page reload sent to client(s).
[ng] [33m>[39m Changes detected. Rebuilding...
[ng] One or more browsers which are configured in the project's Browserslist configuration fall outside Angular's browser support for this version.
[ng] Unsupported browsers:
[ng] chrome 106, chrome 105, chrome 104, chrome 103, chrome 102, chrome 101, chrome 100, chrome 99, chrome 98, chrome 97, chrome 96, chrome 95, chrome 94, chrome 93, chrome 92, chrome 91, chrome 90, chrome 89, chrome 88, chrome 87, chrome 86, chrome 85, chrome 84, chrome 83, chrome 81, chrome 80, chrome 79, chrome 78, chrome 77, chrome 76, chrome 75, chrome 74
[ng] [32m√[39m Changes detected. Rebuilding...
[ng] Initial chunk files     | Names       |  Raw size
[ng] main.js                 | main        |  23.88 kB | 
[ng] Lazy chunk files        | Names       |  Raw size
[ng] change.page-OPKEHQLZ.js | change-page | 147.49 kB | 
[ng] tabs.routes-SSQDA6XY.js | tabs-routes |   7.38 kB | 
[ng] Application bundle generation complete. [0.420 seconds] - 2026-05-01T02:22:22.622Z
[ng] Page reload sent to client(s).
[ng] [33m>[39m Changes detected. Rebuilding...
[ng] One or more browsers which are configured in the project's Browserslist configuration fall outside Angular's browser support for this version.
[ng] Unsupported browsers:
[ng] chrome 106, chrome 105, chrome 104, chrome 103, chrome 102, chrome 101, chrome 100, chrome 99, chrome 98, chrome 97, chrome 96, chrome 95, chrome 94, chrome 93, chrome 92, chrome 91, chrome 90, chrome 89, chrome 88, chrome 87, chrome 86, chrome 85, chrome 84, chrome 83, chrome 81, chrome 80, chrome 79, chrome 78, chrome 77, chrome 76, chrome 75, chrome 74
[ng] [32m√[39m Changes detected. Rebuilding...
[ng] Initial chunk files           | Names             |  Raw size
[ng] styles.css                    | styles            | 399.24 kB | 
[ng] chunk-GLVQZHYK.js             | -                 | 266.87 kB | 
[ng] chunk-JCSEE6KV.js             | -                 | 206.71 kB | 
[ng] chunk-XDJH46FW.js             | -                 | 202.06 kB | 
[ng] chunk-C4Y7YIKB.js             | -                 |  63.85 kB | 
[ng] chunk-ICFLMDVI.js             | -                 |  42.72 kB | 
[ng] chunk-4B2OQUJU.js             | -                 |  30.23 kB | 
[ng] main.js                       | main              |  23.88 kB | 
[ng] chunk-42KWGZDF.js             | -                 |  20.98 kB | 
[ng] chunk-ALU43CDD.js             | -                 |  12.59 kB | 
[ng] chunk-JBWGLU4K.js             | -                 |   8.16 kB | 
[ng] chunk-EQ4SKE4N.js             | -                 |   7.95 kB | 
[ng] chunk-7WSIP26O.js             | -                 |   7.24 kB | 
[ng] chunk-PIAPPY66.js             | -                 |   1.64 kB | 
[ng] chunk-PWGPPN3T.js             | -                 | 311 bytes | 
[ng] polyfills.js                  | polyfills         | 143 bytes | 
[ng]                               | Initial total     |   1.29 MB
[ng] Lazy chunk files              | Names             |  Raw size
[ng] change.page-OPKEHQLZ.js       | change-page       | 147.49 kB | 
[ng] my-epubs.page-ERAI2ZCT.js     | my-epubs-page     |  81.30 kB | 
[ng] chunk-4NBRQPD3.js             | -                 |  68.14 kB | 
[ng] settings.page-PVUZRXHC.js     | settings-page     |  27.45 kB | 
[ng] chunk-ATAJXIYL.js             | -                 |  12.97 kB | 
[ng] instructions.page-B3UEHZXV.js | instructions-page |   9.51 kB | 
[ng] theme.page-HAGNF7MF.js        | theme-page        |   8.44 kB | 
[ng] default.page-Z6UBLXWN.js      | default-page      |   7.82 kB | 
[ng] tabs.routes-SSQDA6XY.js       | tabs-routes       |   7.38 kB | 
[ng] text.page-JRHFH2XC.js         | text-page         |   6.53 kB | 
[ng] public-api-NI6FV74O.js        | public-api        |   1.04 kB | 
[ng] public-api-ZJP2UETH.js        | public-api        | 837 bytes | 
[ng] editor-shell.page-AVB3QHZ2.js | editor-shell-page | 232 bytes | 
[ng] adjustments.page-WXSSES6W.js  | adjustments-page  | 231 bytes | 
[ng] tools.page-YV357RQL.js        | tools-page        | 213 bytes | 
[ng] ...and 1 more lazy chunks files. Use "--verbose" to show all the files.
[ng] Application bundle generation complete. [0.168 seconds] - 2026-05-01T02:22:25.435Z
[ng] [33m>[39m Changes detected. Rebuilding...
[ng] One or more browsers which are configured in the project's Browserslist configuration fall outside Angular's browser support for this version.
[ng] Unsupported browsers:
[ng] chrome 106, chrome 105, chrome 104, chrome 103, chrome 102, chrome 101, chrome 100, chrome 99, chrome 98, chrome 97, chrome 96, chrome 95, chrome 94, chrome 93, chrome 92, chrome 91, chrome 90, chrome 89, chrome 88, chrome 87, chrome 86, chrome 85, chrome 84, chrome 83, chrome 81, chrome 80, chrome 79, chrome 78, chrome 77, chrome 76, chrome 75, chrome 74
[ng] [32m√[39m Changes detected. Rebuilding...
[ng] Initial chunk files           | Names             |  Raw size
[ng] styles.css                    | styles            | 399.24 kB | 
[ng] chunk-GLVQZHYK.js             | -                 | 266.87 kB | 
[ng] chunk-JCSEE6KV.js             | -                 | 206.71 kB | 
[ng] chunk-XDJH46FW.js             | -                 | 202.06 kB | 
[ng] chunk-C4Y7YIKB.js             | -                 |  63.85 kB | 
[ng] chunk-ICFLMDVI.js             | -                 |  42.72 kB | 
[ng] chunk-4B2OQUJU.js             | -                 |  30.23 kB | 
[ng] main.js                       | main              |  23.88 kB | 
[ng] chunk-42KWGZDF.js             | -                 |  20.98 kB | 
[ng] chunk-ALU43CDD.js             | -                 |  12.59 kB | 
[ng] chunk-JBWGLU4K.js             | -                 |   8.16 kB | 
[ng] chunk-EQ4SKE4N.js             | -                 |   7.95 kB | 
[ng] chunk-7WSIP26O.js             | -                 |   7.24 kB | 
[ng] chunk-PIAPPY66.js             | -                 |   1.64 kB | 
[ng] chunk-PWGPPN3T.js             | -                 | 311 bytes | 
[ng] polyfills.js                  | polyfills         | 143 bytes | 
[ng]                               | Initial total     |   1.29 MB
[ng] Lazy chunk files              | Names             |  Raw size
[ng] change.page-OPKEHQLZ.js       | change-page       | 147.49 kB | 
[ng] my-epubs.page-ERAI2ZCT.js     | my-epubs-page     |  81.30 kB | 
[ng] chunk-4NBRQPD3.js             | -                 |  68.14 kB | 
[ng] settings.page-PVUZRXHC.js     | settings-page     |  27.45 kB | 
[ng] chunk-ATAJXIYL.js             | -                 |  12.97 kB | 
[ng] instructions.page-B3UEHZXV.js | instructions-page |   9.51 kB | 
[ng] theme.page-HAGNF7MF.js        | theme-page        |   8.44 kB | 
[ng] default.page-Z6UBLXWN.js      | default-page      |   7.82 kB | 
[ng] tabs.routes-SSQDA6XY.js       | tabs-routes       |   7.38 kB | 
[ng] text.page-JRHFH2XC.js         | text-page         |   6.53 kB | 
[ng] public-api-NI6FV74O.js        | public-api        |   1.04 kB | 
[ng] public-api-ZJP2UETH.js        | public-api        | 837 bytes | 
[ng] editor-shell.page-AVB3QHZ2.js | editor-shell-page | 232 bytes | 
[ng] adjustments.page-WXSSES6W.js  | adjustments-page  | 231 bytes | 
[ng] tools.page-YV357RQL.js        | tools-page        | 213 bytes | 
[ng] ...and 1 more lazy chunks files. Use "--verbose" to show all the files.
[ng] Application bundle generation complete. [0.442 seconds] - 2026-05-01T02:22:29.959Z
[ng] [33m>[39m Changes detected. Rebuilding...
[ng] One or more browsers which are configured in the project's Browserslist configuration fall outside Angular's browser support for this version.
[ng] Unsupported browsers:
[ng] chrome 106, chrome 105, chrome 104, chrome 103, chrome 102, chrome 101, chrome 100, chrome 99, chrome 98, chrome 97, chrome 96, chrome 95, chrome 94, chrome 93, chrome 92, chrome 91, chrome 90, chrome 89, chrome 88, chrome 87, chrome 86, chrome 85, chrome 84, chrome 83, chrome 81, chrome 80, chrome 79, chrome 78, chrome 77, chrome 76, chrome 75, chrome 74
[ng] [32m√[39m Changes detected. Rebuilding...
[ng] Initial chunk files     | Names       |  Raw size
[ng] main.js                 | main        |  23.88 kB | 
[ng] Lazy chunk files        | Names       |  Raw size
[ng] change.page-TXLIUZDW.js | change-page | 148.55 kB | 
[ng] tabs.routes-YX6TDRI7.js | tabs-routes |   7.38 kB | 
[ng] Application bundle generation complete. [0.542 seconds] - 2026-05-01T02:22:36.685Z
[ng] Page reload sent to client(s).
[ng] [33m>[39m Changes detected. Rebuilding...
[ng] One or more browsers which are configured in the project's Browserslist configuration fall outside Angular's browser support for this version.
[ng] Unsupported browsers:
[ng] chrome 106, chrome 105, chrome 104, chrome 103, chrome 102, chrome 101, chrome 100, chrome 99, chrome 98, chrome 97, chrome 96, chrome 95, chrome 94, chrome 93, chrome 92, chrome 91, chrome 90, chrome 89, chrome 88, chrome 87, chrome 86, chrome 85, chrome 84, chrome 83, chrome 81, chrome 80, chrome 79, chrome 78, chrome 77, chrome 76, chrome 75, chrome 74
[ng] [32m√[39m Changes detected. Rebuilding...
[ng] Initial chunk files           | Names             |  Raw size
[ng] chunk-D3AN2USJ.js             | -                 | 267.03 kB | 
[ng] chunk-SVLKLDIO.js             | -                 | 207.55 kB | 
[ng] chunk-YWJTANO2.js             | -                 |  42.72 kB | 
[ng] main.js                       | main              |  23.88 kB | 
[ng] chunk-YNY2FQSJ.js             | -                 |   7.95 kB | 
[ng] chunk-VDY3CCRS.js             | -                 |   7.24 kB | 
[ng] Lazy chunk files              | Names             |  Raw size
[ng] change.page-42DFJGMG.js       | change-page       | 148.62 kB | 
[ng] default.page-CA3JYSNV.js      | default-page      |   7.82 kB | 
[ng] tabs.routes-6V32WDEF.js       | tabs-routes       |   7.38 kB | 
[ng] text.page-7NGGATMM.js         | text-page         |   6.53 kB | 
[ng] public-api-H7L34KEB.js        | public-api        | 837 bytes | 
[ng] editor-shell.page-JZAGNC4J.js | editor-shell-page | 232 bytes | 
[ng] adjustments.page-5FCDX4L6.js  | adjustments-page  | 231 bytes | 
[ng] tools.page-3D2MIF4R.js        | tools-page        | 213 bytes | 
[ng] Application bundle generation complete. [1.307 seconds] - 2026-05-01T02:55:39.032Z
[ng] Page reload sent to client(s).
[ng] [33m>[39m Changes detected. Rebuilding...
[ng] One or more browsers which are configured in the project's Browserslist configuration fall outside Angular's browser support for this version.
[ng] Unsupported browsers:
[ng] chrome 106, chrome 105, chrome 104, chrome 103, chrome 102, chrome 101, chrome 100, chrome 99, chrome 98, chrome 97, chrome 96, chrome 95, chrome 94, chrome 93, chrome 92, chrome 91, chrome 90, chrome 89, chrome 88, chrome 87, chrome 86, chrome 85, chrome 84, chrome 83, chrome 81, chrome 80, chrome 79, chrome 78, chrome 77, chrome 76, chrome 75, chrome 74
[ng] [32m√[39m Changes detected. Rebuilding...
[ng] Initial chunk files     | Names       |  Raw size
[ng] chunk-SNE4UACH.js       | -           |  45.32 kB | 
[ng] main.js                 | main        |  23.88 kB | 
[ng] Lazy chunk files        | Names       |  Raw size
[ng] change.page-VOQ5HSSU.js | change-page | 148.62 kB | 
[ng] tabs.routes-PB7NJKZI.js | tabs-routes |   7.38 kB | 
[ng] public-api-WGEINLBE.js  | public-api  | 837 bytes | 
[ng] Application bundle generation complete. [0.187 seconds] - 2026-05-01T02:56:04.002Z
[ng] Page reload sent to client(s).
[ng] [33m>[39m Changes detected. Rebuilding...
[ng] One or more browsers which are configured in the project's Browserslist configuration fall outside Angular's browser support for this version.
[ng] Unsupported browsers:
[ng] chrome 106, chrome 105, chrome 104, chrome 103, chrome 102, chrome 101, chrome 100, chrome 99, chrome 98, chrome 97, chrome 96, chrome 95, chrome 94, chrome 93, chrome 92, chrome 91, chrome 90, chrome 89, chrome 88, chrome 87, chrome 86, chrome 85, chrome 84, chrome 83, chrome 81, chrome 80, chrome 79, chrome 78, chrome 77, chrome 76, chrome 75, chrome 74
[ng] [32m√[39m Changes detected. Rebuilding...
[ng] Initial chunk files     | Names       |  Raw size
[ng] main.js                 | main        |  23.88 kB | 
[ng] Lazy chunk files        | Names       |  Raw size
[ng] change.page-I2WB6K5F.js | change-page | 148.62 kB | 
[ng] tabs.routes-IBOCTWUC.js | tabs-routes |   7.38 kB | 
[ng] Application bundle generation complete. [0.541 seconds] - 2026-05-01T04:10:33.836Z
[ng] Page reload sent to client(s).
[ng] [33m>[39m Changes detected. Rebuilding...
[ng] One or more browsers which are configured in the project's Browserslist configuration fall outside Angular's browser support for this version.
[ng] Unsupported browsers:
[ng] chrome 106, chrome 105, chrome 104, chrome 103, chrome 102, chrome 101, chrome 100, chrome 99, chrome 98, chrome 97, chrome 96, chrome 95, chrome 94, chrome 93, chrome 92, chrome 91, chrome 90, chrome 89, chrome 88, chrome 87, chrome 86, chrome 85, chrome 84, chrome 83, chrome 81, chrome 80, chrome 79, chrome 78, chrome 77, chrome 76, chrome 75, chrome 74
[ng] [32m√[39m Changes detected. Rebuilding...
[ng] Initial chunk files     | Names       |  Raw size
[ng] main.js                 | main        |  23.88 kB | 
[ng] Lazy chunk files        | Names       |  Raw size
[ng] change.page-XPOATFKA.js | change-page | 148.70 kB | 
[ng] tabs.routes-5WUBP6OJ.js | tabs-routes |   7.38 kB | 
[ng] Application bundle generation complete. [0.245 seconds] - 2026-05-01T04:10:38.933Z
[ng] Page reload sent to client(s).
[ng] [33m>[39m Changes detected. Rebuilding...
[ng] One or more browsers which are configured in the project's Browserslist configuration fall outside Angular's browser support for this version.
[ng] Unsupported browsers:
[ng] chrome 106, chrome 105, chrome 104, chrome 103, chrome 102, chrome 101, chrome 100, chrome 99, chrome 98, chrome 97, chrome 96, chrome 95, chrome 94, chrome 93, chrome 92, chrome 91, chrome 90, chrome 89, chrome 88, chrome 87, chrome 86, chrome 85, chrome 84, chrome 83, chrome 81, chrome 80, chrome 79, chrome 78, chrome 77, chrome 76, chrome 75, chrome 74
[ng] [32m√[39m Changes detected. Rebuilding...
[ng] Initial chunk files           | Names             |  Raw size
[ng] styles.css                    | styles            | 399.24 kB | 
[ng] chunk-D3AN2USJ.js             | -                 | 267.03 kB | 
[ng] chunk-SVLKLDIO.js             | -                 | 207.55 kB | 
[ng] chunk-XDJH46FW.js             | -                 | 202.06 kB | 
[ng] chunk-C4Y7YIKB.js             | -                 |  63.85 kB | 
[ng] chunk-SNE4UACH.js             | -                 |  45.32 kB | 
[ng] chunk-4B2OQUJU.js             | -                 |  30.23 kB | 
[ng] main.js                       | main              |  23.88 kB | 
[ng] chunk-42KWGZDF.js             | -                 |  20.98 kB | 
[ng] chunk-ALU43CDD.js             | -                 |  12.59 kB | 
[ng] chunk-JBWGLU4K.js             | -                 |   8.16 kB | 
[ng] chunk-YNY2FQSJ.js             | -                 |   7.95 kB | 
[ng] chunk-VDY3CCRS.js             | -                 |   7.24 kB | 
[ng] chunk-PIAPPY66.js             | -                 |   1.64 kB | 
[ng] chunk-PWGPPN3T.js             | -                 | 311 bytes | 
[ng] polyfills.js                  | polyfills         | 143 bytes | 
[ng]                               | Initial total     |   1.30 MB
[ng] Lazy chunk files              | Names             |  Raw size
[ng] change.page-XPOATFKA.js       | change-page       | 148.70 kB | 
[ng] my-epubs.page-ERAI2ZCT.js     | my-epubs-page     |  81.30 kB | 
[ng] chunk-4NBRQPD3.js             | -                 |  68.14 kB | 
[ng] settings.page-PVUZRXHC.js     | settings-page     |  27.45 kB | 
[ng] chunk-ATAJXIYL.js             | -                 |  12.97 kB | 
[ng] instructions.page-B3UEHZXV.js | instructions-page |   9.51 kB | 
[ng] theme.page-HAGNF7MF.js        | theme-page        |   8.44 kB | 
[ng] default.page-CA3JYSNV.js      | default-page      |   7.82 kB | 
[ng] tabs.routes-5WUBP6OJ.js       | tabs-routes       |   7.38 kB | 
[ng] text.page-7NGGATMM.js         | text-page         |   6.53 kB | 
[ng] public-api-NI6FV74O.js        | public-api        |   1.04 kB | 
[ng] public-api-WGEINLBE.js        | public-api        | 837 bytes | 
[ng] editor-shell.page-JZAGNC4J.js | editor-shell-page | 232 bytes | 
[ng] adjustments.page-5FCDX4L6.js  | adjustments-page  | 231 bytes | 
[ng] tools.page-3D2MIF4R.js        | tools-page        | 213 bytes | 
[ng] ...and 1 more lazy chunks files. Use "--verbose" to show all the files.
[ng] Application bundle generation complete. [0.488 seconds] - 2026-05-01T04:10:44.120Z
[ng] [33m>[39m Changes detected. Rebuilding...
[ng] One or more browsers which are configured in the project's Browserslist configuration fall outside Angular's browser support for this version.
[ng] Unsupported browsers:
[ng] chrome 106, chrome 105, chrome 104, chrome 103, chrome 102, chrome 101, chrome 100, chrome 99, chrome 98, chrome 97, chrome 96, chrome 95, chrome 94, chrome 93, chrome 92, chrome 91, chrome 90, chrome 89, chrome 88, chrome 87, chrome 86, chrome 85, chrome 84, chrome 83, chrome 81, chrome 80, chrome 79, chrome 78, chrome 77, chrome 76, chrome 75, chrome 74
[ng] [32m√[39m Changes detected. Rebuilding...
[ng] Application bundle generation failed. [0.608 seconds] - 2026-05-01T04:11:20.375Z
[ng] X [ERROR] TS2551: Property 'selectedImageDims' does not exist on type 'ChangePage'. Did you mean 'selectedImageFile'? [plugin angular-compiler]
[ng]     src/app/pages/change/change.page.ts:669:9:
[ng]       669 │     this.selectedImageDims = undefined;
[ng]           ╵          ~~~~~~~~~~~~~~~~~
[ng]   'selectedImageFile' is declared here.
[ng]     src/app/pages/change/change.page.ts:242:2:
[ng]       242 │   selectedImageFile?: File;
[ng]           ╵   ~~~~~~~~~~~~~~~~~
[ng] [33m>[39m Changes detected. Rebuilding...
[ng] One or more browsers which are configured in the project's Browserslist configuration fall outside Angular's browser support for this version.
[ng] Unsupported browsers:
[ng] chrome 106, chrome 105, chrome 104, chrome 103, chrome 102, chrome 101, chrome 100, chrome 99, chrome 98, chrome 97, chrome 96, chrome 95, chrome 94, chrome 93, chrome 92, chrome 91, chrome 90, chrome 89, chrome 88, chrome 87, chrome 86, chrome 85, chrome 84, chrome 83, chrome 81, chrome 80, chrome 79, chrome 78, chrome 77, chrome 76, chrome 75, chrome 74
[ng] [32m√[39m Changes detected. Rebuilding...
[ng] Initial chunk files           | Names             |  Raw size
[ng] styles.css                    | styles            | 399.24 kB | 
[ng] chunk-D3AN2USJ.js             | -                 | 267.03 kB | 
[ng] chunk-SVLKLDIO.js             | -                 | 207.55 kB | 
[ng] chunk-XDJH46FW.js             | -                 | 202.06 kB | 
[ng] chunk-C4Y7YIKB.js             | -                 |  63.85 kB | 
[ng] chunk-SNE4UACH.js             | -                 |  45.32 kB | 
[ng] chunk-4B2OQUJU.js             | -                 |  30.23 kB | 
[ng] main.js                       | main              |  23.88 kB | 
[ng] chunk-42KWGZDF.js             | -                 |  20.98 kB | 
[ng] chunk-ALU43CDD.js             | -                 |  12.59 kB | 
[ng] chunk-JBWGLU4K.js             | -                 |   8.16 kB | 
[ng] chunk-YNY2FQSJ.js             | -                 |   7.95 kB | 
[ng] chunk-VDY3CCRS.js             | -                 |   7.24 kB | 
[ng] chunk-PIAPPY66.js             | -                 |   1.64 kB | 
[ng] chunk-PWGPPN3T.js             | -                 | 311 bytes | 
[ng] polyfills.js                  | polyfills         | 143 bytes | 
[ng]                               | Initial total     |   1.30 MB
[ng] Lazy chunk files              | Names             |  Raw size
[ng] change.page-6RMB265R.js       | change-page       | 149.71 kB | 
[ng] my-epubs.page-ERAI2ZCT.js     | my-epubs-page     |  81.30 kB | 
[ng] chunk-4NBRQPD3.js             | -                 |  68.14 kB | 
[ng] settings.page-PVUZRXHC.js     | settings-page     |  27.45 kB | 
[ng] chunk-ATAJXIYL.js             | -                 |  12.97 kB | 
[ng] instructions.page-B3UEHZXV.js | instructions-page |   9.51 kB | 
[ng] theme.page-HAGNF7MF.js        | theme-page        |   8.44 kB | 
[ng] default.page-CA3JYSNV.js      | default-page      |   7.82 kB | 
[ng] tabs.routes-M5RTLQAK.js       | tabs-routes       |   7.38 kB | 
[ng] text.page-7NGGATMM.js         | text-page         |   6.53 kB | 
[ng] public-api-NI6FV74O.js        | public-api        |   1.04 kB | 
[ng] public-api-WGEINLBE.js        | public-api        | 837 bytes | 
[ng] editor-shell.page-JZAGNC4J.js | editor-shell-page | 232 bytes | 
[ng] adjustments.page-5FCDX4L6.js  | adjustments-page  | 231 bytes | 
[ng] tools.page-3D2MIF4R.js        | tools-page        | 213 bytes | 
[ng] ...and 1 more lazy chunks files. Use "--verbose" to show all the files.
[ng] Application bundle generation complete. [0.524 seconds] - 2026-05-01T04:11:30.481Z
[ng] Page reload sent to client(s).
[ng] [33m>[39m Changes detected. Rebuilding...
[ng] One or more browsers which are configured in the project's Browserslist configuration fall outside Angular's browser support for this version.
[ng] Unsupported browsers:
[ng] chrome 106, chrome 105, chrome 104, chrome 103, chrome 102, chrome 101, chrome 100, chrome 99, chrome 98, chrome 97, chrome 96, chrome 95, chrome 94, chrome 93, chrome 92, chrome 91, chrome 90, chrome 89, chrome 88, chrome 87, chrome 86, chrome 85, chrome 84, chrome 83, chrome 81, chrome 80, chrome 79, chrome 78, chrome 77, chrome 76, chrome 75, chrome 74
[ng] [32m√[39m Changes detected. Rebuilding...
[ng] Initial chunk files     | Names       |  Raw size
[ng] main.js                 | main        |  23.88 kB | 
[ng] Lazy chunk files        | Names       |  Raw size
[ng] change.page-KTGTUUQS.js | change-page | 149.74 kB | 
[ng] tabs.routes-G4NIDHK4.js | tabs-routes |   7.38 kB | 
[ng] Application bundle generation complete. [0.553 seconds] - 2026-05-01T04:12:47.252Z
[ng] Page reload sent to client(s).
[ng] [33m>[39m Changes detected. Rebuilding...
[ng] One or more browsers which are configured in the project's Browserslist configuration fall outside Angular's browser support for this version.
[ng] Unsupported browsers:
[ng] chrome 106, chrome 105, chrome 104, chrome 103, chrome 102, chrome 101, chrome 100, chrome 99, chrome 98, chrome 97, chrome 96, chrome 95, chrome 94, chrome 93, chrome 92, chrome 91, chrome 90, chrome 89, chrome 88, chrome 87, chrome 86, chrome 85, chrome 84, chrome 83, chrome 81, chrome 80, chrome 79, chrome 78, chrome 77, chrome 76, chrome 75, chrome 74
[ng] [32m√[39m Changes detected. Rebuilding...
[ng] Initial chunk files     | Names       |  Raw size
[ng] main.js                 | main        |  23.88 kB | 
[ng] Lazy chunk files        | Names       |  Raw size
[ng] change.page-JLABNBPE.js | change-page | 149.59 kB | 
[ng] tabs.routes-5SLSGCB2.js | tabs-routes |   7.38 kB | 
[ng] Application bundle generation complete. [0.555 seconds] - 2026-05-01T04:13:13.744Z
[ng] Page reload sent to client(s).
[ng] [33m>[39m Changes detected. Rebuilding...
[ng] One or more browsers which are configured in the project's Browserslist configuration fall outside Angular's browser support for this version.
[ng] Unsupported browsers:
[ng] chrome 106, chrome 105, chrome 104, chrome 103, chrome 102, chrome 101, chrome 100, chrome 99, chrome 98, chrome 97, chrome 96, chrome 95, chrome 94, chrome 93, chrome 92, chrome 91, chrome 90, chrome 89, chrome 88, chrome 87, chrome 86, chrome 85, chrome 84, chrome 83, chrome 81, chrome 80, chrome 79, chrome 78, chrome 77, chrome 76, chrome 75, chrome 74
[ng] [32m√[39m Changes detected. Rebuilding...
[ng] Initial chunk files     | Names       |  Raw size
[ng] main.js                 | main        |  23.88 kB | 
[ng] Lazy chunk files        | Names       |  Raw size
[ng] change.page-SGMTALMP.js | change-page | 148.76 kB | 
[ng] tabs.routes-SJAYWA7O.js | tabs-routes |   7.38 kB | 
[ng] Application bundle generation complete. [0.518 seconds] - 2026-05-01T04:13:24.335Z
[ng] Page reload sent to client(s).
