0 verbose cli C:\Program Files\nodejs\node.exe C:\Program Files\nodejs\node_modules\npm\bin\npm-cli.js
1 info using npm@11.6.2
2 info using node@v24.12.0
3 silly config load:file:C:\Program Files\nodejs\node_modules\npm\npmrc
4 silly config load:file:C:\apps\sheldrapps\apps\pdf-cover-maker\.npmrc
5 silly config load:file:C:\Users\sheld\.npmrc
6 silly config load:file:C:\Users\sheld\AppData\Roaming\npm\etc\npmrc
7 verbose title npm exec capacitor-assets generate --android
8 verbose argv "exec" "--yes" "--package" "@capacitor/assets" "--" "capacitor-assets" "generate" "--android"
9 verbose logfile logs-max:10 dir:C:\apps\sheldrapps\.npm-cache\_logs\2026-05-25T01_30_12_398Z-
10 verbose logfile C:\apps\sheldrapps\.npm-cache\_logs\2026-05-25T01_30_12_398Z-debug-0.log
11 silly logfile done cleaning log files
12 silly packumentCache heap:4496293888 maxSize:1124073472 maxEntrySize:562036736
13 http fetch GET 200 https://registry.npmjs.org/npm 243ms
14 verbose cwd C:\apps\sheldrapps\apps\pdf-cover-maker
15 verbose os Windows_NT 10.0.26200
16 verbose node v24.12.0
17 verbose npm  v11.6.2
18 notice
18 notice New [33mminor[39m version of npm available! [33m11.6.2[39m -> [34m11.15.0[39m
18 notice Changelog: [34mhttps://github.com/npm/cli/releases/tag/v11.15.0[39m
18 notice To update run: [4mnpm install -g npm@11.15.0[24m
18 notice  { force: true, Symbol(proc-log.meta): true }
19 verbose exit 0
20 info ok
